# JRE version: OpenJDK Runtime Environment (7.0_95) (build 1.7.0_95-b00)
# Java VM: OpenJDK 64-Bit Server VM (24.95-b01 mixed mode linux-amd64 compressed oops)
Heap
 PSYoungGen      total 469504K, used 110538K [0x00000007aaa80000, 0x00000007d7900000, 0x0000000800000000)
  eden space 313344K, 0% used [0x00000007aaa80000,0x00000007aaa80000,0x00000007bdc80000)
  from space 156160K, 70% used [0x00000007bdc80000,0x00000007c4872898,0x00000007c7500000)
  to   space 175104K, 0% used [0x00000007cce00000,0x00000007cce00000,0x00000007d7900000)
 ParOldGen       total 325120K, used 325111K [0x0000000700000000, 0x0000000713d80000, 0x00000007aaa80000)
  object space 325120K, 99% used [0x0000000700000000,0x0000000713d7dea0,0x0000000713d80000)
 PSPermGen       total 21504K, used 6204K [0x00000006f5a00000, 0x00000006f6f00000, 0x0000000700000000)
  object space 21504K, 28% used [0x00000006f5a00000,0x00000006f600f380,0x00000006f6f00000)
GC Heap History (10 events):
Event: 21.584 GC heap after
Heap after GC invocations=21 (full 3):
 PSYoungGen      total 378368K, used 92644K [0x00000007aaa80000, 0x00000007ccc00000, 0x0000000800000000)
  eden space 285696K, 0% used [0x00000007aaa80000,0x00000007aaa80000,0x00000007bc180000)
  from space 92672K, 99% used [0x00000007c3300000,0x00000007c8d79028,0x00000007c8d80000)
  to   space 116224K, 0% used [0x00000007bc180000,0x00000007bc180000,0x00000007c3300000)
 ParOldGen       total 217088K, used 204025K [0x0000000700000000, 0x000000070d400000, 0x00000007aaa80000)
  object space 217088K, 93% used [0x0000000700000000,0x000000070c73e530,0x000000070d400000)
 PSPermGen       total 21504K, used 6160K [0x00000006f5a00000, 0x00000006f6f00000, 0x0000000700000000)
  object space 21504K, 28% used [0x00000006f5a00000,0x00000006f6004020,0x00000006f6f00000)
}
Event: 21.594 GC heap before
{Heap before GC invocations=22 (full 4):
 PSYoungGen      total 378368K, used 92644K [0x00000007aaa80000, 0x00000007ccc00000, 0x0000000800000000)
  eden space 285696K, 0% used [0x00000007aaa80000,0x00000007aaa80000,0x00000007bc180000)
  from space 92672K, 99% used [0x00000007c3300000,0x00000007c8d79028,0x00000007c8d80000)
  to   space 116224K, 0% used [0x00000007bc180000,0x00000007bc180000,0x00000007c3300000)
 ParOldGen       total 217088K, used 204025K [0x0000000700000000, 0x000000070d400000, 0x00000007aaa80000)
  object space 217088K, 93% used [0x0000000700000000,0x000000070c73e530,0x000000070d400000)
 PSPermGen       total 21504K, used 6160K [0x00000006f5a00000, 0x00000006f6f00000, 0x0000000700000000)
  object space 21504K, 28% used [0x00000006f5a00000,0x00000006f6004020,0x00000006f6f00000)
Event: 25.016 GC heap after
Heap after GC invocations=22 (full 4):
 PSYoungGen      total 378368K, used 76929K [0x00000007aaa80000, 0x00000007ccc00000, 0x0000000800000000)
  eden space 285696K, 0% used [0x00000007aaa80000,0x00000007aaa80000,0x00000007bc180000)
  from space 92672K, 83% used [0x00000007c3300000,0x00000007c7e20408,0x00000007c8d80000)
  to   space 116224K, 0% used [0x00000007bc180000,0x00000007bc180000,0x00000007c3300000)
 ParOldGen       total 325120K, used 216650K [0x0000000700000000, 0x0000000713d80000, 0x00000007aaa80000)
  object space 325120K, 66% used [0x0000000700000000,0x000000070d392868,0x0000000713d80000)
 PSPermGen       total 21504K, used 6159K [0x00000006f5a00000, 0x00000006f6f00000, 0x0000000700000000)
  object space 21504K, 28% used [0x00000006f5a00000,0x00000006f6003f40,0x00000006f6f00000)
}
Event: 26.371 GC heap before
{Heap before GC invocations=23 (full 4):
 PSYoungGen      total 378368K, used 362625K [0x00000007aaa80000, 0x00000007ccc00000, 0x0000000800000000)
  eden space 285696K, 100% used [0x00000007aaa80000,0x00000007bc180000,0x00000007bc180000)
  from space 92672K, 83% used [0x00000007c3300000,0x00000007c7e20408,0x00000007c8d80000)
  to   space 116224K, 0% used [0x00000007bc180000,0x00000007bc180000,0x00000007c3300000)
 ParOldGen       total 325120K, used 216650K [0x0000000700000000, 0x0000000713d80000, 0x00000007aaa80000)
  object space 325120K, 66% used [0x0000000700000000,0x000000070d392868,0x0000000713d80000)
 PSPermGen       total 21504K, used 6164K [0x00000006f5a00000, 0x00000006f6f00000, 0x0000000700000000)
  object space 21504K, 28% used [0x00000006f5a00000,0x00000006f6005290,0x00000006f6f00000)
Event: 26.711 GC heap after
Heap after GC invocations=23 (full 4):
 PSYoungGen      total 401920K, used 98108K [0x00000007aaa80000, 0x00000007cf300000, 0x0000000800000000)
  eden space 285696K, 0% used [0x00000007aaa80000,0x00000007aaa80000,0x00000007bc180000)
  from space 116224K, 84% used [0x00000007bc180000,0x00000007c214f3f8,0x00000007c3300000)
  to   space 129024K, 0% used [0x00000007c7500000,0x00000007c7500000,0x00000007cf300000)
 ParOldGen       total 325120K, used 241331K [0x0000000700000000, 0x0000000713d80000, 0x00000007aaa80000)
  object space 325120K, 74% used [0x0000000700000000,0x000000070ebacd58,0x0000000713d80000)
 PSPermGen       total 21504K, used 6164K [0x00000006f5a00000, 0x00000006f6f00000, 0x0000000700000000)
  object space 21504K, 28% used [0x00000006f5a00000,0x00000006f6005290,0x00000006f6f00000)
}
Event: 27.838 GC heap before
{Heap before GC invocations=24 (full 4):
 PSYoungGen      total 401920K, used 383804K [0x00000007aaa80000, 0x00000007cf300000, 0x0000000800000000)
  eden space 285696K, 100% used [0x00000007aaa80000,0x00000007bc180000,0x00000007bc180000)
  from space 116224K, 84% used [0x00000007bc180000,0x00000007c214f3f8,0x00000007c3300000)
  to   space 129024K, 0% used [0x00000007c7500000,0x00000007c7500000,0x00000007cf300000)
 ParOldGen       total 325120K, used 241331K [0x0000000700000000, 0x0000000713d80000, 0x00000007aaa80000)
  object space 325120K, 74% used [0x0000000700000000,0x000000070ebacd58,0x0000000713d80000)
 PSPermGen       total 21504K, used 6170K [0x00000006f5a00000, 0x00000006f6f00000, 0x0000000700000000)
  object space 21504K, 28% used [0x00000006f5a00000,0x00000006f6006868,0x00000006f6f00000)
Event: 30.524 GC heap after
Heap after GC invocations=24 (full 4):
 PSYoungGen      total 442368K, used 128992K [0x00000007aaa80000, 0x00000007d3600000, 0x0000000800000000)
  eden space 313344K, 0% used [0x00000007aaa80000,0x00000007aaa80000,0x00000007bdc80000)
  from space 129024K, 99% used [0x00000007c7500000,0x00000007cf2f8398,0x00000007cf300000)
  to   space 156160K, 0% used [0x00000007bdc80000,0x00000007bdc80000,0x00000007c7500000)
 ParOldGen       total 325120K, used 256573K [0x0000000700000000, 0x0000000713d80000, 0x00000007aaa80000)
  object space 325120K, 78% used [0x0000000700000000,0x000000070fa8f480,0x0000000713d80000)
 PSPermGen       total 21504K, used 6170K [0x00000006f5a00000, 0x00000006f6f00000, 0x0000000700000000)
  object space 21504K, 28% used [0x00000006f5a00000,0x00000006f6006868,0x00000006f6f00000)
}
Event: 32.483 GC heap before
{Heap before GC invocations=25 (full 4):
 PSYoungGen      total 442368K, used 442336K [0x00000007aaa80000, 0x00000007d3600000, 0x0000000800000000)
  eden space 313344K, 100% used [0x00000007aaa80000,0x00000007bdc80000,0x00000007bdc80000)
  from space 129024K, 99% used [0x00000007c7500000,0x00000007cf2f8398,0x00000007cf300000)
  to   space 156160K, 0% used [0x00000007bdc80000,0x00000007bdc80000,0x00000007c7500000)
 ParOldGen       total 325120K, used 256573K [0x0000000700000000, 0x0000000713d80000, 0x00000007aaa80000)
  object space 325120K, 78% used [0x0000000700000000,0x000000070fa8f480,0x0000000713d80000)
 PSPermGen       total 21504K, used 6204K [0x00000006f5a00000, 0x00000006f6f00000, 0x0000000700000000)
  object space 21504K, 28% used [0x00000006f5a00000,0x00000006f600f3c0,0x00000006f6f00000)
Event: 32.962 GC heap after
Heap after GC invocations=25 (full 4):
 PSYoungGen      total 469504K, used 136754K [0x00000007aaa80000, 0x00000007d7900000, 0x0000000800000000)
  eden space 313344K, 0% used [0x00000007aaa80000,0x00000007aaa80000,0x00000007bdc80000)
  from space 156160K, 87% used [0x00000007bdc80000,0x00000007c620c950,0x00000007c7500000)
  to   space 175104K, 0% used [0x00000007cce00000,0x00000007cce00000,0x00000007d7900000)
 ParOldGen       total 325120K, used 302274K [0x0000000700000000, 0x0000000713d80000, 0x00000007aaa80000)
  object space 325120K, 92% used [0x0000000700000000,0x00000007127308e0,0x0000000713d80000)
 PSPermGen       total 21504K, used 6204K [0x00000006f5a00000, 0x00000006f6f00000, 0x0000000700000000)
  object space 21504K, 28% used [0x00000006f5a00000,0x00000006f600f3c0,0x00000006f6f00000)
}
Event: 32.964 GC heap before
{Heap before GC invocations=26 (full 5):
 PSYoungGen      total 469504K, used 136754K [0x00000007aaa80000, 0x00000007d7900000, 0x0000000800000000)
  eden space 313344K, 0% used [0x00000007aaa80000,0x00000007aaa80000,0x00000007bdc80000)
  from space 156160K, 87% used [0x00000007bdc80000,0x00000007c620c950,0x00000007c7500000)
  to   space 175104K, 0% used [0x00000007cce00000,0x00000007cce00000,0x00000007d7900000)
 ParOldGen       total 325120K, used 302274K [0x0000000700000000, 0x0000000713d80000, 0x00000007aaa80000)
  object space 325120K, 92% used [0x0000000700000000,0x00000007127308e0,0x0000000713d80000)
 PSPermGen       total 21504K, used 6204K [0x00000006f5a00000, 0x00000006f6f00000, 0x0000000700000000)
  object space 21504K, 28% used [0x00000006f5a00000,0x00000006f600f3c0,0x00000006f6f00000)

