# JRE version: OpenJDK Runtime Environment (7.0_95) (build 1.7.0_95-b00)
# Java VM: OpenJDK 64-Bit Server VM (24.95-b01 mixed mode linux-amd64 compressed oops)
Heap
 PSYoungGen      total 248320K, used 48210K [0x00000000eaa80000, 0x0000000100000000, 0x0000000100000000)
  eden space 181760K, 0% used [0x00000000eaa80000,0x00000000eaa80000,0x00000000f5c00000)
  from space 66560K, 72% used [0x00000000fbf00000,0x00000000fee14908,0x0000000100000000)
  to   space 83968K, 0% used [0x00000000f5c00000,0x00000000f5c00000,0x00000000fae00000)
 ParOldGen       total 228864K, used 228551K [0x00000000c0000000, 0x00000000cdf80000, 0x00000000eaa80000)
  object space 228864K, 99% used [0x00000000c0000000,0x00000000cdf31e88,0x00000000cdf80000)
 PSPermGen       total 21504K, used 6156K [0x00000000b5a00000, 0x00000000b6f00000, 0x00000000c0000000)
  object space 21504K, 28% used [0x00000000b5a00000,0x00000000b60031d0,0x00000000b6f00000)
GC Heap History (10 events):
Event: 13.018 GC heap after
Heap after GC invocations=17 (full 3):
 PSYoungGen      total 255488K, used 40366K [0x00000000eaa80000, 0x00000000fdc00000, 0x0000000100000000)
  eden space 208896K, 0% used [0x00000000eaa80000,0x00000000eaa80000,0x00000000f7680000)
  from space 46592K, 86% used [0x00000000fa900000,0x00000000fd06b850,0x00000000fd680000)
  to   space 51712K, 0% used [0x00000000f7680000,0x00000000f7680000,0x00000000fa900000)
 ParOldGen       total 228864K, used 138583K [0x00000000c0000000, 0x00000000cdf80000, 0x00000000eaa80000)
  object space 228864K, 60% used [0x00000000c0000000,0x00000000c8755df8,0x00000000cdf80000)
 PSPermGen       total 21504K, used 6125K [0x00000000b5a00000, 0x00000000b6f00000, 0x00000000c0000000)
  object space 21504K, 28% used [0x00000000b5a00000,0x00000000b5ffb528,0x00000000b6f00000)
}
Event: 13.684 GC heap before
{Heap before GC invocations=18 (full 3):
 PSYoungGen      total 255488K, used 249262K [0x00000000eaa80000, 0x00000000fdc00000, 0x0000000100000000)
  eden space 208896K, 100% used [0x00000000eaa80000,0x00000000f7680000,0x00000000f7680000)
  from space 46592K, 86% used [0x00000000fa900000,0x00000000fd06b850,0x00000000fd680000)
  to   space 51712K, 0% used [0x00000000f7680000,0x00000000f7680000,0x00000000fa900000)
 ParOldGen       total 228864K, used 138583K [0x00000000c0000000, 0x00000000cdf80000, 0x00000000eaa80000)
  object space 228864K, 60% used [0x00000000c0000000,0x00000000c8755df8,0x00000000cdf80000)
 PSPermGen       total 21504K, used 6133K [0x00000000b5a00000, 0x00000000b6f00000, 0x00000000c0000000)
  object space 21504K, 28% used [0x00000000b5a00000,0x00000000b5ffd790,0x00000000b6f00000)
Event: 13.802 GC heap after
Heap after GC invocations=18 (full 3):
 PSYoungGen      total 260608K, used 51705K [0x00000000eaa80000, 0x0000000100000000, 0x0000000100000000)
  eden space 208896K, 0% used [0x00000000eaa80000,0x00000000eaa80000,0x00000000f7680000)
  from space 51712K, 99% used [0x00000000f7680000,0x00000000fa8fe560,0x00000000fa900000)
  to   space 65536K, 0% used [0x00000000fc000000,0x00000000fc000000,0x0000000100000000)
 ParOldGen       total 228864K, used 153219K [0x00000000c0000000, 0x00000000cdf80000, 0x00000000eaa80000)
  object space 228864K, 66% used [0x00000000c0000000,0x00000000c95a0c88,0x00000000cdf80000)
 PSPermGen       total 21504K, used 6133K [0x00000000b5a00000, 0x00000000b6f00000, 0x00000000c0000000)
  object space 21504K, 28% used [0x00000000b5a00000,0x00000000b5ffd790,0x00000000b6f00000)
}
Event: 14.508 GC heap before
{Heap before GC invocations=19 (full 3):
 PSYoungGen      total 260608K, used 260601K [0x00000000eaa80000, 0x0000000100000000, 0x0000000100000000)
  eden space 208896K, 100% used [0x00000000eaa80000,0x00000000f7680000,0x00000000f7680000)
  from space 51712K, 99% used [0x00000000f7680000,0x00000000fa8fe560,0x00000000fa900000)
  to   space 65536K, 0% used [0x00000000fc000000,0x00000000fc000000,0x0000000100000000)
 ParOldGen       total 228864K, used 153219K [0x00000000c0000000, 0x00000000cdf80000, 0x00000000eaa80000)
  object space 228864K, 66% used [0x00000000c0000000,0x00000000c95a0c88,0x00000000cdf80000)
 PSPermGen       total 21504K, used 6143K [0x00000000b5a00000, 0x00000000b6f00000, 0x00000000c0000000)
  object space 21504K, 28% used [0x00000000b5a00000,0x00000000b5fffd68,0x00000000b6f00000)
Event: 14.617 GC heap after
Heap after GC invocations=19 (full 3):
 PSYoungGen      total 282112K, used 38680K [0x00000000eaa80000, 0x0000000100000000, 0x0000000100000000)
  eden space 216576K, 0% used [0x00000000eaa80000,0x00000000eaa80000,0x00000000f7e00000)
  from space 65536K, 59% used [0x00000000fc000000,0x00000000fe5c60e8,0x0000000100000000)
  to   space 66560K, 0% used [0x00000000f7e00000,0x00000000f7e00000,0x00000000fbf00000)
 ParOldGen       total 228864K, used 180677K [0x00000000c0000000, 0x00000000cdf80000, 0x00000000eaa80000)
  object space 228864K, 78% used [0x00000000c0000000,0x00000000cb0714c0,0x00000000cdf80000)
 PSPermGen       total 21504K, used 6143K [0x00000000b5a00000, 0x00000000b6f00000, 0x00000000c0000000)
  object space 21504K, 28% used [0x00000000b5a00000,0x00000000b5fffd68,0x00000000b6f00000)
}
Event: 15.454 GC heap before
{Heap before GC invocations=20 (full 3):
 PSYoungGen      total 282112K, used 255256K [0x00000000eaa80000, 0x0000000100000000, 0x0000000100000000)
  eden space 216576K, 100% used [0x00000000eaa80000,0x00000000f7e00000,0x00000000f7e00000)
  from space 65536K, 59% used [0x00000000fc000000,0x00000000fe5c60e8,0x0000000100000000)
  to   space 66560K, 0% used [0x00000000f7e00000,0x00000000f7e00000,0x00000000fbf00000)
 ParOldGen       total 228864K, used 180677K [0x00000000c0000000, 0x00000000cdf80000, 0x00000000eaa80000)
  object space 228864K, 78% used [0x00000000c0000000,0x00000000cb0714c0,0x00000000cdf80000)
 PSPermGen       total 21504K, used 6147K [0x00000000b5a00000, 0x00000000b6f00000, 0x00000000c0000000)
  object space 21504K, 28% used [0x00000000b5a00000,0x00000000b6000c50,0x00000000b6f00000)
Event: 15.555 GC heap after
Heap after GC invocations=20 (full 3):
 PSYoungGen      total 283136K, used 66551K [0x00000000eaa80000, 0x0000000100000000, 0x0000000100000000)
  eden space 216576K, 0% used [0x00000000eaa80000,0x00000000eaa80000,0x00000000f7e00000)
  from space 66560K, 99% used [0x00000000f7e00000,0x00000000fbefde88,0x00000000fbf00000)
  to   space 66560K, 0% used [0x00000000fbf00000,0x00000000fbf00000,0x0000000100000000)
 ParOldGen       total 228864K, used 182703K [0x00000000c0000000, 0x00000000cdf80000, 0x00000000eaa80000)
  object space 228864K, 79% used [0x00000000c0000000,0x00000000cb26bf00,0x00000000cdf80000)
 PSPermGen       total 21504K, used 6147K [0x00000000b5a00000, 0x00000000b6f00000, 0x00000000c0000000)
  object space 21504K, 28% used [0x00000000b5a00000,0x00000000b6000c50,0x00000000b6f00000)
}
Event: 16.546 GC heap before
{Heap before GC invocations=21 (full 3):
 PSYoungGen      total 283136K, used 283127K [0x00000000eaa80000, 0x0000000100000000, 0x0000000100000000)
  eden space 216576K, 100% used [0x00000000eaa80000,0x00000000f7e00000,0x00000000f7e00000)
  from space 66560K, 99% used [0x00000000f7e00000,0x00000000fbefde88,0x00000000fbf00000)
  to   space 66560K, 0% used [0x00000000fbf00000,0x00000000fbf00000,0x0000000100000000)
 ParOldGen       total 228864K, used 182703K [0x00000000c0000000, 0x00000000cdf80000, 0x00000000eaa80000)
  object space 228864K, 79% used [0x00000000c0000000,0x00000000cb26bf00,0x00000000cdf80000)
 PSPermGen       total 21504K, used 6156K [0x00000000b5a00000, 0x00000000b6f00000, 0x00000000c0000000)
  object space 21504K, 28% used [0x00000000b5a00000,0x00000000b6003370,0x00000000b6f00000)
Event: 16.749 GC heap after
Heap after GC invocations=21 (full 3):
 PSYoungGen      total 248320K, used 59811K [0x00000000eaa80000, 0x0000000100000000, 0x0000000100000000)
  eden space 181760K, 0% used [0x00000000eaa80000,0x00000000eaa80000,0x00000000f5c00000)
  from space 66560K, 89% used [0x00000000fbf00000,0x00000000ff968c28,0x0000000100000000)
  to   space 83968K, 0% used [0x00000000f5c00000,0x00000000f5c00000,0x00000000fae00000)
 ParOldGen       total 228864K, used 220809K [0x00000000c0000000, 0x00000000cdf80000, 0x00000000eaa80000)
  object space 228864K, 96% used [0x00000000c0000000,0x00000000cd7a2768,0x00000000cdf80000)
 PSPermGen       total 21504K, used 6156K [0x00000000b5a00000, 0x00000000b6f00000, 0x00000000c0000000)
  object space 21504K, 28% used [0x00000000b5a00000,0x00000000b6003370,0x00000000b6f00000)
}
Event: 16.755 GC heap before
{Heap before GC invocations=22 (full 4):
 PSYoungGen      total 248320K, used 59811K [0x00000000eaa80000, 0x0000000100000000, 0x0000000100000000)
  eden space 181760K, 0% used [0x00000000eaa80000,0x00000000eaa80000,0x00000000f5c00000)
  from space 66560K, 89% used [0x00000000fbf00000,0x00000000ff968c28,0x0000000100000000)
  to   space 83968K, 0% used [0x00000000f5c00000,0x00000000f5c00000,0x00000000fae00000)
 ParOldGen       total 228864K, used 220809K [0x00000000c0000000, 0x00000000cdf80000, 0x00000000eaa80000)
  object space 228864K, 96% used [0x00000000c0000000,0x00000000cd7a2768,0x00000000cdf80000)
 PSPermGen       total 21504K, used 6156K [0x00000000b5a00000, 0x00000000b6f00000, 0x00000000c0000000)
  object space 21504K, 28% used [0x00000000b5a00000,0x00000000b6003370,0x00000000b6f00000)

