# JRE version: OpenJDK Runtime Environment (7.0_95) (build 1.7.0_95-b00)
# Java VM: OpenJDK 64-Bit Server VM (24.95-b01 mixed mode linux-amd64 compressed oops)
Heap
 PSYoungGen      total 251904K, used 9045K [0x00000000eaa80000, 0x00000000ffc00000, 0x0000000100000000)
  eden space 233984K, 0% used [0x00000000eaa80000,0x00000000eaa80000,0x00000000f8f00000)
  from space 17920K, 50% used [0x00000000f8f00000,0x00000000f97d5648,0x00000000fa080000)
  to   space 55296K, 0% used [0x00000000fc600000,0x00000000fc600000,0x00000000ffc00000)
 ParOldGen       total 208896K, used 208410K [0x00000000c0000000, 0x00000000ccc00000, 0x00000000eaa80000)
  object space 208896K, 99% used [0x00000000c0000000,0x00000000ccb86a28,0x00000000ccc00000)
 PSPermGen       total 21504K, used 6140K [0x00000000b5a00000, 0x00000000b6f00000, 0x00000000c0000000)
  object space 21504K, 28% used [0x00000000b5a00000,0x00000000b5fff308,0x00000000b6f00000)
GC Heap History (10 events):
Event: 16.008 GC heap after
Heap after GC invocations=12 (full 2):
 PSYoungGen      total 289280K, used 44340K [0x00000000eaa80000, 0x0000000100000000, 0x0000000100000000)
  eden space 242176K, 0% used [0x00000000eaa80000,0x00000000eaa80000,0x00000000f9700000)
  from space 47104K, 94% used [0x00000000fcb80000,0x00000000ff6cd1f8,0x00000000ff980000)
  to   space 53760K, 0% used [0x00000000f9700000,0x00000000f9700000,0x00000000fcb80000)
 ParOldGen       total 134144K, used 90671K [0x00000000c0000000, 0x00000000c8300000, 0x00000000eaa80000)
  object space 134144K, 67% used [0x00000000c0000000,0x00000000c588bf30,0x00000000c8300000)
 PSPermGen       total 21504K, used 6112K [0x00000000b5a00000, 0x00000000b6f00000, 0x00000000c0000000)
  object space 21504K, 28% used [0x00000000b5a00000,0x00000000b5ff8078,0x00000000b6f00000)
}
Event: 17.497 GC heap before
{Heap before GC invocations=13 (full 2):
 PSYoungGen      total 289280K, used 286516K [0x00000000eaa80000, 0x0000000100000000, 0x0000000100000000)
  eden space 242176K, 100% used [0x00000000eaa80000,0x00000000f9700000,0x00000000f9700000)
  from space 47104K, 94% used [0x00000000fcb80000,0x00000000ff6cd1f8,0x00000000ff980000)
  to   space 53760K, 0% used [0x00000000f9700000,0x00000000f9700000,0x00000000fcb80000)
 ParOldGen       total 134144K, used 90671K [0x00000000c0000000, 0x00000000c8300000, 0x00000000eaa80000)
  object space 134144K, 67% used [0x00000000c0000000,0x00000000c588bf30,0x00000000c8300000)
 PSPermGen       total 21504K, used 6120K [0x00000000b5a00000, 0x00000000b6f00000, 0x00000000c0000000)
  object space 21504K, 28% used [0x00000000b5a00000,0x00000000b5ffa2b0,0x00000000b6f00000)
Event: 17.709 GC heap after
Heap after GC invocations=13 (full 2):
 PSYoungGen      total 281088K, used 38553K [0x00000000eaa80000, 0x0000000100000000, 0x0000000100000000)
  eden space 242176K, 0% used [0x00000000eaa80000,0x00000000eaa80000,0x00000000f9700000)
  from space 38912K, 99% used [0x00000000f9700000,0x00000000fbca6498,0x00000000fbd00000)
  to   space 56832K, 0% used [0x00000000fc880000,0x00000000fc880000,0x0000000100000000)
 ParOldGen       total 134144K, used 133819K [0x00000000c0000000, 0x00000000c8300000, 0x00000000eaa80000)
  object space 134144K, 99% used [0x00000000c0000000,0x00000000c82aeef0,0x00000000c8300000)
 PSPermGen       total 21504K, used 6120K [0x00000000b5a00000, 0x00000000b6f00000, 0x00000000c0000000)
  object space 21504K, 28% used [0x00000000b5a00000,0x00000000b5ffa2b0,0x00000000b6f00000)
}
Event: 17.709 GC heap before
{Heap before GC invocations=14 (full 3):
 PSYoungGen      total 281088K, used 38553K [0x00000000eaa80000, 0x0000000100000000, 0x0000000100000000)
  eden space 242176K, 0% used [0x00000000eaa80000,0x00000000eaa80000,0x00000000f9700000)
  from space 38912K, 99% used [0x00000000f9700000,0x00000000fbca6498,0x00000000fbd00000)
  to   space 56832K, 0% used [0x00000000fc880000,0x00000000fc880000,0x0000000100000000)
 ParOldGen       total 134144K, used 133819K [0x00000000c0000000, 0x00000000c8300000, 0x00000000eaa80000)
  object space 134144K, 99% used [0x00000000c0000000,0x00000000c82aeef0,0x00000000c8300000)
 PSPermGen       total 21504K, used 6120K [0x00000000b5a00000, 0x00000000b6f00000, 0x00000000c0000000)
  object space 21504K, 28% used [0x00000000b5a00000,0x00000000b5ffa2b0,0x00000000b6f00000)
Event: 18.973 GC heap after
Heap after GC invocations=14 (full 3):
 PSYoungGen      total 281088K, used 34753K [0x00000000eaa80000, 0x0000000100000000, 0x0000000100000000)
  eden space 242176K, 0% used [0x00000000eaa80000,0x00000000eaa80000,0x00000000f9700000)
  from space 38912K, 89% used [0x00000000f9700000,0x00000000fb8f04b8,0x00000000fbd00000)
  to   space 56832K, 0% used [0x00000000fc880000,0x00000000fc880000,0x0000000100000000)
 ParOldGen       total 208896K, used 133937K [0x00000000c0000000, 0x00000000ccc00000, 0x00000000eaa80000)
  object space 208896K, 64% used [0x00000000c0000000,0x00000000c82cc500,0x00000000ccc00000)
 PSPermGen       total 21504K, used 6120K [0x00000000b5a00000, 0x00000000b6f00000, 0x00000000c0000000)
  object space 21504K, 28% used [0x00000000b5a00000,0x00000000b5ffa070,0x00000000b6f00000)
}
Event: 19.950 GC heap before
{Heap before GC invocations=15 (full 3):
 PSYoungGen      total 281088K, used 276929K [0x00000000eaa80000, 0x0000000100000000, 0x0000000100000000)
  eden space 242176K, 100% used [0x00000000eaa80000,0x00000000f9700000,0x00000000f9700000)
  from space 38912K, 89% used [0x00000000f9700000,0x00000000fb8f04b8,0x00000000fbd00000)
  to   space 56832K, 0% used [0x00000000fc880000,0x00000000fc880000,0x0000000100000000)
 ParOldGen       total 208896K, used 133937K [0x00000000c0000000, 0x00000000ccc00000, 0x00000000eaa80000)
  object space 208896K, 64% used [0x00000000c0000000,0x00000000c82cc500,0x00000000ccc00000)
 PSPermGen       total 21504K, used 6130K [0x00000000b5a00000, 0x00000000b6f00000, 0x00000000c0000000)
  object space 21504K, 28% used [0x00000000b5a00000,0x00000000b5ffcb80,0x00000000b6f00000)
Event: 20.226 GC heap after
Heap after GC invocations=15 (full 3):
 PSYoungGen      total 290816K, used 33518K [0x00000000eaa80000, 0x0000000100000000, 0x0000000100000000)
  eden space 233984K, 0% used [0x00000000eaa80000,0x00000000eaa80000,0x00000000f8f00000)
  from space 56832K, 58% used [0x00000000fc880000,0x00000000fe93bb90,0x0000000100000000)
  to   space 57856K, 0% used [0x00000000f8f00000,0x00000000f8f00000,0x00000000fc780000)
 ParOldGen       total 208896K, used 167979K [0x00000000c0000000, 0x00000000ccc00000, 0x00000000eaa80000)
  object space 208896K, 80% used [0x00000000c0000000,0x00000000ca40aec8,0x00000000ccc00000)
 PSPermGen       total 21504K, used 6130K [0x00000000b5a00000, 0x00000000b6f00000, 0x00000000c0000000)
  object space 21504K, 28% used [0x00000000b5a00000,0x00000000b5ffcb80,0x00000000b6f00000)
}
Event: 21.569 GC heap before
{Heap before GC invocations=16 (full 3):
 PSYoungGen      total 290816K, used 267502K [0x00000000eaa80000, 0x0000000100000000, 0x0000000100000000)
  eden space 233984K, 100% used [0x00000000eaa80000,0x00000000f8f00000,0x00000000f8f00000)
  from space 56832K, 58% used [0x00000000fc880000,0x00000000fe93bb90,0x0000000100000000)
  to   space 57856K, 0% used [0x00000000f8f00000,0x00000000f8f00000,0x00000000fc780000)
 ParOldGen       total 208896K, used 167979K [0x00000000c0000000, 0x00000000ccc00000, 0x00000000eaa80000)
  object space 208896K, 80% used [0x00000000c0000000,0x00000000ca40aec8,0x00000000ccc00000)
 PSPermGen       total 21504K, used 6140K [0x00000000b5a00000, 0x00000000b6f00000, 0x00000000c0000000)
  object space 21504K, 28% used [0x00000000b5a00000,0x00000000b5fff3e8,0x00000000b6f00000)
Event: 21.707 GC heap after
Heap after GC invocations=16 (full 3):
 PSYoungGen      total 251904K, used 17858K [0x00000000eaa80000, 0x00000000ffc00000, 0x0000000100000000)
  eden space 233984K, 0% used [0x00000000eaa80000,0x00000000eaa80000,0x00000000f8f00000)
  from space 17920K, 99% used [0x00000000f8f00000,0x00000000fa070aa8,0x00000000fa080000)
  to   space 55296K, 0% used [0x00000000fc600000,0x00000000fc600000,0x00000000ffc00000)
 ParOldGen       total 208896K, used 200474K [0x00000000c0000000, 0x00000000ccc00000, 0x00000000eaa80000)
  object space 208896K, 95% used [0x00000000c0000000,0x00000000cc3c6aa8,0x00000000ccc00000)
 PSPermGen       total 21504K, used 6140K [0x00000000b5a00000, 0x00000000b6f00000, 0x00000000c0000000)
  object space 21504K, 28% used [0x00000000b5a00000,0x00000000b5fff3e8,0x00000000b6f00000)
}
Event: 21.708 GC heap before
{Heap before GC invocations=17 (full 4):
 PSYoungGen      total 251904K, used 17858K [0x00000000eaa80000, 0x00000000ffc00000, 0x0000000100000000)
  eden space 233984K, 0% used [0x00000000eaa80000,0x00000000eaa80000,0x00000000f8f00000)
  from space 17920K, 99% used [0x00000000f8f00000,0x00000000fa070aa8,0x00000000fa080000)
  to   space 55296K, 0% used [0x00000000fc600000,0x00000000fc600000,0x00000000ffc00000)
 ParOldGen       total 208896K, used 200474K [0x00000000c0000000, 0x00000000ccc00000, 0x00000000eaa80000)
  object space 208896K, 95% used [0x00000000c0000000,0x00000000cc3c6aa8,0x00000000ccc00000)
 PSPermGen       total 21504K, used 6140K [0x00000000b5a00000, 0x00000000b6f00000, 0x00000000c0000000)
  object space 21504K, 28% used [0x00000000b5a00000,0x00000000b5fff3e8,0x00000000b6f00000)

