# JRE version: OpenJDK Runtime Environment (7.0_95) (build 1.7.0_95-b00)
# Java VM: OpenJDK 64-Bit Server VM (24.95-b01 mixed mode linux-amd64 compressed oops)
Heap
 PSYoungGen      total 233472K, used 34371K [0x00000000eaa80000, 0x0000000100000000, 0x0000000100000000)
  eden space 117248K, 0% used [0x00000000eaa80000,0x00000000eaa80000,0x00000000f1d00000)
  from space 116224K, 29% used [0x00000000f1d00000,0x00000000f3e90fe0,0x00000000f8e80000)
  to   space 116224K, 0% used [0x00000000f8e80000,0x00000000f8e80000,0x0000000100000000)
 ParOldGen       total 339968K, used 339477K [0x00000000c0000000, 0x00000000d4c00000, 0x00000000eaa80000)
  object space 339968K, 99% used [0x00000000c0000000,0x00000000d4b854e8,0x00000000d4c00000)
 PSPermGen       total 21504K, used 6164K [0x00000000b5a00000, 0x00000000b6f00000, 0x00000000c0000000)
  object space 21504K, 28% used [0x00000000b5a00000,0x00000000b6005080,0x00000000b6f00000)
GC Heap History (10 events):
Event: 20.614 GC heap after
Heap after GC invocations=23 (full 4):
 PSYoungGen      total 243712K, used 47682K [0x00000000eaa80000, 0x0000000100000000, 0x0000000100000000)
  eden space 137728K, 0% used [0x00000000eaa80000,0x00000000eaa80000,0x00000000f3100000)
  from space 105984K, 44% used [0x00000000f3100000,0x00000000f5f90a58,0x00000000f9880000)
  to   space 101888K, 0% used [0x00000000f9c80000,0x00000000f9c80000,0x0000000100000000)
 ParOldGen       total 339968K, used 245480K [0x00000000c0000000, 0x00000000d4c00000, 0x00000000eaa80000)
  object space 339968K, 72% used [0x00000000c0000000,0x00000000cefba1e0,0x00000000d4c00000)
 PSPermGen       total 21504K, used 6156K [0x00000000b5a00000, 0x00000000b6f00000, 0x00000000c0000000)
  object space 21504K, 28% used [0x00000000b5a00000,0x00000000b6003258,0x00000000b6f00000)
}
Event: 21.144 GC heap before
{Heap before GC invocations=24 (full 4):
 PSYoungGen      total 243712K, used 185410K [0x00000000eaa80000, 0x0000000100000000, 0x0000000100000000)
  eden space 137728K, 100% used [0x00000000eaa80000,0x00000000f3100000,0x00000000f3100000)
  from space 105984K, 44% used [0x00000000f3100000,0x00000000f5f90a58,0x00000000f9880000)
  to   space 101888K, 0% used [0x00000000f9c80000,0x00000000f9c80000,0x0000000100000000)
 ParOldGen       total 339968K, used 245480K [0x00000000c0000000, 0x00000000d4c00000, 0x00000000eaa80000)
  object space 339968K, 72% used [0x00000000c0000000,0x00000000cefba1e0,0x00000000d4c00000)
 PSPermGen       total 21504K, used 6158K [0x00000000b5a00000, 0x00000000b6f00000, 0x00000000c0000000)
  object space 21504K, 28% used [0x00000000b5a00000,0x00000000b6003ab0,0x00000000b6f00000)
Event: 21.236 GC heap after
Heap after GC invocations=24 (full 4):
 PSYoungGen      total 239616K, used 69145K [0x00000000eaa80000, 0x0000000100000000, 0x0000000100000000)
  eden space 137728K, 0% used [0x00000000eaa80000,0x00000000eaa80000,0x00000000f3100000)
  from space 101888K, 67% used [0x00000000f9c80000,0x00000000fe0064c8,0x0000000100000000)
  to   space 105984K, 0% used [0x00000000f3100000,0x00000000f3100000,0x00000000f9880000)
 ParOldGen       total 339968K, used 245480K [0x00000000c0000000, 0x00000000d4c00000, 0x00000000eaa80000)
  object space 339968K, 72% used [0x00000000c0000000,0x00000000cefba1e0,0x00000000d4c00000)
 PSPermGen       total 21504K, used 6158K [0x00000000b5a00000, 0x00000000b6f00000, 0x00000000c0000000)
  object space 21504K, 28% used [0x00000000b5a00000,0x00000000b6003ab0,0x00000000b6f00000)
}
Event: 21.667 GC heap before
{Heap before GC invocations=25 (full 4):
 PSYoungGen      total 239616K, used 206873K [0x00000000eaa80000, 0x0000000100000000, 0x0000000100000000)
  eden space 137728K, 100% used [0x00000000eaa80000,0x00000000f3100000,0x00000000f3100000)
  from space 101888K, 67% used [0x00000000f9c80000,0x00000000fe0064c8,0x0000000100000000)
  to   space 105984K, 0% used [0x00000000f3100000,0x00000000f3100000,0x00000000f9880000)
 ParOldGen       total 339968K, used 245480K [0x00000000c0000000, 0x00000000d4c00000, 0x00000000eaa80000)
  object space 339968K, 72% used [0x00000000c0000000,0x00000000cefba1e0,0x00000000d4c00000)
 PSPermGen       total 21504K, used 6160K [0x00000000b5a00000, 0x00000000b6f00000, 0x00000000c0000000)
  object space 21504K, 28% used [0x00000000b5a00000,0x00000000b6004040,0x00000000b6f00000)
Event: 21.783 GC heap after
Heap after GC invocations=25 (full 4):
 PSYoungGen      total 227840K, used 89734K [0x00000000eaa80000, 0x0000000100000000, 0x0000000100000000)
  eden space 137728K, 0% used [0x00000000eaa80000,0x00000000eaa80000,0x00000000f3100000)
  from space 90112K, 99% used [0x00000000f3100000,0x00000000f88a1810,0x00000000f8900000)
  to   space 116224K, 0% used [0x00000000f8e80000,0x00000000f8e80000,0x0000000100000000)
 ParOldGen       total 339968K, used 245480K [0x00000000c0000000, 0x00000000d4c00000, 0x00000000eaa80000)
  object space 339968K, 72% used [0x00000000c0000000,0x00000000cefba1e0,0x00000000d4c00000)
 PSPermGen       total 21504K, used 6160K [0x00000000b5a00000, 0x00000000b6f00000, 0x00000000c0000000)
  object space 21504K, 28% used [0x00000000b5a00000,0x00000000b6004040,0x00000000b6f00000)
}
Event: 22.205 GC heap before
{Heap before GC invocations=26 (full 4):
 PSYoungGen      total 227840K, used 227462K [0x00000000eaa80000, 0x0000000100000000, 0x0000000100000000)
  eden space 137728K, 100% used [0x00000000eaa80000,0x00000000f3100000,0x00000000f3100000)
  from space 90112K, 99% used [0x00000000f3100000,0x00000000f88a1810,0x00000000f8900000)
  to   space 116224K, 0% used [0x00000000f8e80000,0x00000000f8e80000,0x0000000100000000)
 ParOldGen       total 339968K, used 245480K [0x00000000c0000000, 0x00000000d4c00000, 0x00000000eaa80000)
  object space 339968K, 72% used [0x00000000c0000000,0x00000000cefba1e0,0x00000000d4c00000)
 PSPermGen       total 21504K, used 6161K [0x00000000b5a00000, 0x00000000b6f00000, 0x00000000c0000000)
  object space 21504K, 28% used [0x00000000b5a00000,0x00000000b60046a0,0x00000000b6f00000)
Event: 22.369 GC heap after
Heap after GC invocations=26 (full 4):
 PSYoungGen      total 233472K, used 85368K [0x00000000eaa80000, 0x0000000100000000, 0x0000000100000000)
  eden space 117248K, 0% used [0x00000000eaa80000,0x00000000eaa80000,0x00000000f1d00000)
  from space 116224K, 73% used [0x00000000f8e80000,0x00000000fe1de000,0x0000000100000000)
  to   space 116224K, 0% used [0x00000000f1d00000,0x00000000f1d00000,0x00000000f8e80000)
 ParOldGen       total 339968K, used 273033K [0x00000000c0000000, 0x00000000d4c00000, 0x00000000eaa80000)
  object space 339968K, 80% used [0x00000000c0000000,0x00000000d0aa2420,0x00000000d4c00000)
 PSPermGen       total 21504K, used 6161K [0x00000000b5a00000, 0x00000000b6f00000, 0x00000000c0000000)
  object space 21504K, 28% used [0x00000000b5a00000,0x00000000b60046a0,0x00000000b6f00000)
}
Event: 22.745 GC heap before
{Heap before GC invocations=27 (full 4):
 PSYoungGen      total 233472K, used 202616K [0x00000000eaa80000, 0x0000000100000000, 0x0000000100000000)
  eden space 117248K, 100% used [0x00000000eaa80000,0x00000000f1d00000,0x00000000f1d00000)
  from space 116224K, 73% used [0x00000000f8e80000,0x00000000fe1de000,0x0000000100000000)
  to   space 116224K, 0% used [0x00000000f1d00000,0x00000000f1d00000,0x00000000f8e80000)
 ParOldGen       total 339968K, used 273033K [0x00000000c0000000, 0x00000000d4c00000, 0x00000000eaa80000)
  object space 339968K, 80% used [0x00000000c0000000,0x00000000d0aa2420,0x00000000d4c00000)
 PSPermGen       total 21504K, used 6164K [0x00000000b5a00000, 0x00000000b6f00000, 0x00000000c0000000)
  object space 21504K, 28% used [0x00000000b5a00000,0x00000000b60050e0,0x00000000b6f00000)
Event: 22.951 GC heap after
Heap after GC invocations=27 (full 4):
 PSYoungGen      total 233472K, used 62196K [0x00000000eaa80000, 0x0000000100000000, 0x0000000100000000)
  eden space 117248K, 0% used [0x00000000eaa80000,0x00000000eaa80000,0x00000000f1d00000)
  from space 116224K, 53% used [0x00000000f1d00000,0x00000000f59bd370,0x00000000f8e80000)
  to   space 116224K, 0% used [0x00000000f8e80000,0x00000000f8e80000,0x0000000100000000)
 ParOldGen       total 339968K, used 313824K [0x00000000c0000000, 0x00000000d4c00000, 0x00000000eaa80000)
  object space 339968K, 92% used [0x00000000c0000000,0x00000000d32783e8,0x00000000d4c00000)
 PSPermGen       total 21504K, used 6164K [0x00000000b5a00000, 0x00000000b6f00000, 0x00000000c0000000)
  object space 21504K, 28% used [0x00000000b5a00000,0x00000000b60050e0,0x00000000b6f00000)
}
Event: 22.951 GC heap before
{Heap before GC invocations=28 (full 5):
 PSYoungGen      total 233472K, used 62196K [0x00000000eaa80000, 0x0000000100000000, 0x0000000100000000)
  eden space 117248K, 0% used [0x00000000eaa80000,0x00000000eaa80000,0x00000000f1d00000)
  from space 116224K, 53% used [0x00000000f1d00000,0x00000000f59bd370,0x00000000f8e80000)
  to   space 116224K, 0% used [0x00000000f8e80000,0x00000000f8e80000,0x0000000100000000)
 ParOldGen       total 339968K, used 313824K [0x00000000c0000000, 0x00000000d4c00000, 0x00000000eaa80000)
  object space 339968K, 92% used [0x00000000c0000000,0x00000000d32783e8,0x00000000d4c00000)
 PSPermGen       total 21504K, used 6164K [0x00000000b5a00000, 0x00000000b6f00000, 0x00000000c0000000)
  object space 21504K, 28% used [0x00000000b5a00000,0x00000000b60050e0,0x00000000b6f00000)

