# JRE version: OpenJDK Runtime Environment (7.0_95) (build 1.7.0_95-b00)
# Java VM: OpenJDK 64-Bit Server VM (24.95-b01 mixed mode linux-amd64 compressed oops)
Heap
 PSYoungGen      total 233472K, used 13095K [0x00000000eaa80000, 0x0000000100000000, 0x0000000100000000)
  eden space 117248K, 0% used [0x00000000eaa80000,0x00000000eaa80000,0x00000000f1d00000)
  from space 116224K, 11% used [0x00000000f1d00000,0x00000000f29c9fb0,0x00000000f8e80000)
  to   space 116224K, 0% used [0x00000000f8e80000,0x00000000f8e80000,0x0000000100000000)
 ParOldGen       total 491520K, used 491151K [0x00000000c0000000, 0x00000000de000000, 0x00000000eaa80000)
  object space 491520K, 99% used [0x00000000c0000000,0x00000000ddfa3dc0,0x00000000de000000)
 PSPermGen       total 21504K, used 6217K [0x00000000b5a00000, 0x00000000b6f00000, 0x00000000c0000000)
  object space 21504K, 28% used [0x00000000b5a00000,0x00000000b6012758,0x00000000b6f00000)
GC Heap History (10 events):
Event: 36.008 GC heap after
Heap after GC invocations=28 (full 5):
 PSYoungGen      total 238080K, used 84832K [0x00000000eaa80000, 0x0000000100000000, 0x0000000100000000)
  eden space 153088K, 0% used [0x00000000eaa80000,0x00000000eaa80000,0x00000000f4000000)
  from space 84992K, 99% used [0x00000000f4000000,0x00000000f92d8010,0x00000000f9300000)
  to   space 108032K, 0% used [0x00000000f9680000,0x00000000f9680000,0x0000000100000000)
 ParOldGen       total 491520K, used 339051K [0x00000000c0000000, 0x00000000de000000, 0x00000000eaa80000)
  object space 491520K, 68% used [0x00000000c0000000,0x00000000d4b1ae28,0x00000000de000000)
 PSPermGen       total 21504K, used 6203K [0x00000000b5a00000, 0x00000000b6f00000, 0x00000000c0000000)
  object space 21504K, 28% used [0x00000000b5a00000,0x00000000b600ec00,0x00000000b6f00000)
}
Event: 36.541 GC heap before
{Heap before GC invocations=29 (full 5):
 PSYoungGen      total 238080K, used 237920K [0x00000000eaa80000, 0x0000000100000000, 0x0000000100000000)
  eden space 153088K, 100% used [0x00000000eaa80000,0x00000000f4000000,0x00000000f4000000)
  from space 84992K, 99% used [0x00000000f4000000,0x00000000f92d8010,0x00000000f9300000)
  to   space 108032K, 0% used [0x00000000f9680000,0x00000000f9680000,0x0000000100000000)
 ParOldGen       total 491520K, used 339051K [0x00000000c0000000, 0x00000000de000000, 0x00000000eaa80000)
  object space 491520K, 68% used [0x00000000c0000000,0x00000000d4b1ae28,0x00000000de000000)
 PSPermGen       total 21504K, used 6212K [0x00000000b5a00000, 0x00000000b6f00000, 0x00000000c0000000)
  object space 21504K, 28% used [0x00000000b5a00000,0x00000000b6011010,0x00000000b6f00000)
Event: 36.688 GC heap after
Heap after GC invocations=29 (full 5):
 PSYoungGen      total 225280K, used 108011K [0x00000000eaa80000, 0x0000000100000000, 0x0000000100000000)
  eden space 117248K, 0% used [0x00000000eaa80000,0x00000000eaa80000,0x00000000f1d00000)
  from space 108032K, 99% used [0x00000000f9680000,0x00000000ffffacd8,0x0000000100000000)
  to   space 116224K, 0% used [0x00000000f1d00000,0x00000000f1d00000,0x00000000f8e80000)
 ParOldGen       total 491520K, used 341226K [0x00000000c0000000, 0x00000000de000000, 0x00000000eaa80000)
  object space 491520K, 69% used [0x00000000c0000000,0x00000000d4d3a800,0x00000000de000000)
 PSPermGen       total 21504K, used 6212K [0x00000000b5a00000, 0x00000000b6f00000, 0x00000000c0000000)
  object space 21504K, 28% used [0x00000000b5a00000,0x00000000b6011010,0x00000000b6f00000)
}
Event: 37.121 GC heap before
{Heap before GC invocations=30 (full 5):
 PSYoungGen      total 225280K, used 225259K [0x00000000eaa80000, 0x0000000100000000, 0x0000000100000000)
  eden space 117248K, 100% used [0x00000000eaa80000,0x00000000f1d00000,0x00000000f1d00000)
  from space 108032K, 99% used [0x00000000f9680000,0x00000000ffffacd8,0x0000000100000000)
  to   space 116224K, 0% used [0x00000000f1d00000,0x00000000f1d00000,0x00000000f8e80000)
 ParOldGen       total 491520K, used 341226K [0x00000000c0000000, 0x00000000de000000, 0x00000000eaa80000)
  object space 491520K, 69% used [0x00000000c0000000,0x00000000d4d3a800,0x00000000de000000)
 PSPermGen       total 21504K, used 6215K [0x00000000b5a00000, 0x00000000b6f00000, 0x00000000c0000000)
  object space 21504K, 28% used [0x00000000b5a00000,0x00000000b6011f50,0x00000000b6f00000)
Event: 37.332 GC heap after
Heap after GC invocations=30 (full 5):
 PSYoungGen      total 233472K, used 94237K [0x00000000eaa80000, 0x0000000100000000, 0x0000000100000000)
  eden space 117248K, 0% used [0x00000000eaa80000,0x00000000eaa80000,0x00000000f1d00000)
  from space 116224K, 81% used [0x00000000f1d00000,0x00000000f79076a8,0x00000000f8e80000)
  to   space 116224K, 0% used [0x00000000f8e80000,0x00000000f8e80000,0x0000000100000000)
 ParOldGen       total 491520K, used 375247K [0x00000000c0000000, 0x00000000de000000, 0x00000000eaa80000)
  object space 491520K, 76% used [0x00000000c0000000,0x00000000d6e73cb8,0x00000000de000000)
 PSPermGen       total 21504K, used 6215K [0x00000000b5a00000, 0x00000000b6f00000, 0x00000000c0000000)
  object space 21504K, 28% used [0x00000000b5a00000,0x00000000b6011f50,0x00000000b6f00000)
}
Event: 37.726 GC heap before
{Heap before GC invocations=31 (full 5):
 PSYoungGen      total 233472K, used 211485K [0x00000000eaa80000, 0x0000000100000000, 0x0000000100000000)
  eden space 117248K, 100% used [0x00000000eaa80000,0x00000000f1d00000,0x00000000f1d00000)
  from space 116224K, 81% used [0x00000000f1d00000,0x00000000f79076a8,0x00000000f8e80000)
  to   space 116224K, 0% used [0x00000000f8e80000,0x00000000f8e80000,0x0000000100000000)
 ParOldGen       total 491520K, used 375247K [0x00000000c0000000, 0x00000000de000000, 0x00000000eaa80000)
  object space 491520K, 76% used [0x00000000c0000000,0x00000000d6e73cb8,0x00000000de000000)
 PSPermGen       total 21504K, used 6217K [0x00000000b5a00000, 0x00000000b6f00000, 0x00000000c0000000)
  object space 21504K, 28% used [0x00000000b5a00000,0x00000000b6012560,0x00000000b6f00000)
Event: 37.945 GC heap after
Heap after GC invocations=31 (full 5):
 PSYoungGen      total 233472K, used 63926K [0x00000000eaa80000, 0x0000000100000000, 0x0000000100000000)
  eden space 117248K, 0% used [0x00000000eaa80000,0x00000000eaa80000,0x00000000f1d00000)
  from space 116224K, 55% used [0x00000000f8e80000,0x00000000fcced820,0x0000000100000000)
  to   space 116224K, 0% used [0x00000000f1d00000,0x00000000f1d00000,0x00000000f8e80000)
 ParOldGen       total 491520K, used 424443K [0x00000000c0000000, 0x00000000de000000, 0x00000000eaa80000)
  object space 491520K, 86% used [0x00000000c0000000,0x00000000d9e7ec98,0x00000000de000000)
 PSPermGen       total 21504K, used 6217K [0x00000000b5a00000, 0x00000000b6f00000, 0x00000000c0000000)
  object space 21504K, 28% used [0x00000000b5a00000,0x00000000b6012560,0x00000000b6f00000)
}
Event: 38.352 GC heap before
{Heap before GC invocations=32 (full 5):
 PSYoungGen      total 233472K, used 181174K [0x00000000eaa80000, 0x0000000100000000, 0x0000000100000000)
  eden space 117248K, 100% used [0x00000000eaa80000,0x00000000f1d00000,0x00000000f1d00000)
  from space 116224K, 55% used [0x00000000f8e80000,0x00000000fcced820,0x0000000100000000)
  to   space 116224K, 0% used [0x00000000f1d00000,0x00000000f1d00000,0x00000000f8e80000)
 ParOldGen       total 491520K, used 424443K [0x00000000c0000000, 0x00000000de000000, 0x00000000eaa80000)
  object space 491520K, 86% used [0x00000000c0000000,0x00000000d9e7ec98,0x00000000de000000)
 PSPermGen       total 21504K, used 6217K [0x00000000b5a00000, 0x00000000b6f00000, 0x00000000c0000000)
  object space 21504K, 28% used [0x00000000b5a00000,0x00000000b6012798,0x00000000b6f00000)
Event: 38.491 GC heap after
Heap after GC invocations=32 (full 5):
 PSYoungGen      total 233472K, used 38391K [0x00000000eaa80000, 0x0000000100000000, 0x0000000100000000)
  eden space 117248K, 0% used [0x00000000eaa80000,0x00000000eaa80000,0x00000000f1d00000)
  from space 116224K, 33% used [0x00000000f1d00000,0x00000000f427df40,0x00000000f8e80000)
  to   space 116224K, 0% used [0x00000000f8e80000,0x00000000f8e80000,0x0000000100000000)
 ParOldGen       total 491520K, used 468951K [0x00000000c0000000, 0x00000000de000000, 0x00000000eaa80000)
  object space 491520K, 95% used [0x00000000c0000000,0x00000000dc9f5f58,0x00000000de000000)
 PSPermGen       total 21504K, used 6217K [0x00000000b5a00000, 0x00000000b6f00000, 0x00000000c0000000)
  object space 21504K, 28% used [0x00000000b5a00000,0x00000000b6012798,0x00000000b6f00000)
}
Event: 38.491 GC heap before
{Heap before GC invocations=33 (full 6):
 PSYoungGen      total 233472K, used 38391K [0x00000000eaa80000, 0x0000000100000000, 0x0000000100000000)
  eden space 117248K, 0% used [0x00000000eaa80000,0x00000000eaa80000,0x00000000f1d00000)
  from space 116224K, 33% used [0x00000000f1d00000,0x00000000f427df40,0x00000000f8e80000)
  to   space 116224K, 0% used [0x00000000f8e80000,0x00000000f8e80000,0x0000000100000000)
 ParOldGen       total 491520K, used 468951K [0x00000000c0000000, 0x00000000de000000, 0x00000000eaa80000)
  object space 491520K, 95% used [0x00000000c0000000,0x00000000dc9f5f58,0x00000000de000000)
 PSPermGen       total 21504K, used 6217K [0x00000000b5a00000, 0x00000000b6f00000, 0x00000000c0000000)
  object space 21504K, 28% used [0x00000000b5a00000,0x00000000b6012798,0x00000000b6f00000)

