# JRE version: OpenJDK Runtime Environment (7.0_95) (build 1.7.0_95-b00)
# Java VM: OpenJDK 64-Bit Server VM (24.95-b01 mixed mode linux-amd64 compressed oops)
Heap
 PSYoungGen      total 176640K, used 30695K [0x00000000eaa80000, 0x00000000f9480000, 0x0000000100000000)
  eden space 145920K, 0% used [0x00000000eaa80000,0x00000000eaa80000,0x00000000f3900000)
  from space 30720K, 99% used [0x00000000f5880000,0x00000000f7679ca0,0x00000000f7680000)
  to   space 26624K, 0% used [0x00000000f7a80000,0x00000000f7a80000,0x00000000f9480000)
 ParOldGen       total 76800K, used 67828K [0x00000000c0000000, 0x00000000c4b00000, 0x00000000eaa80000)
  object space 76800K, 88% used [0x00000000c0000000,0x00000000c423d038,0x00000000c4b00000)
 PSPermGen       total 21504K, used 6094K [0x00000000b5a00000, 0x00000000b6f00000, 0x00000000c0000000)
  object space 21504K, 28% used [0x00000000b5a00000,0x00000000b5ff3888,0x00000000b6f00000)
GC Heap History (10 events):
Event: 6.037 GC heap after
Heap after GC invocations=7 (full 0):
 PSYoungGen      total 69120K, used 8674K [0x00000000eaa80000, 0x00000000f3b80000, 0x0000000100000000)
  eden space 60416K, 0% used [0x00000000eaa80000,0x00000000eaa80000,0x00000000ee580000)
  from space 8704K, 99% used [0x00000000ee580000,0x00000000eedf8bb0,0x00000000eee00000)
  to   space 13824K, 0% used [0x00000000f2e00000,0x00000000f2e00000,0x00000000f3b80000)
 ParOldGen       total 40960K, used 22307K [0x00000000c0000000, 0x00000000c2800000, 0x00000000eaa80000)
  object space 40960K, 54% used [0x00000000c0000000,0x00000000c15c8c78,0x00000000c2800000)
 PSPermGen       total 21504K, used 5989K [0x00000000b5a00000, 0x00000000b6f00000, 0x00000000c0000000)
  object space 21504K, 27% used [0x00000000b5a00000,0x00000000b5fd97f0,0x00000000b6f00000)
}
Event: 6.545 GC heap before
{Heap before GC invocations=8 (full 0):
 PSYoungGen      total 69120K, used 69090K [0x00000000eaa80000, 0x00000000f3b80000, 0x0000000100000000)
  eden space 60416K, 100% used [0x00000000eaa80000,0x00000000ee580000,0x00000000ee580000)
  from space 8704K, 99% used [0x00000000ee580000,0x00000000eedf8bb0,0x00000000eee00000)
  to   space 13824K, 0% used [0x00000000f2e00000,0x00000000f2e00000,0x00000000f3b80000)
 ParOldGen       total 40960K, used 22307K [0x00000000c0000000, 0x00000000c2800000, 0x00000000eaa80000)
  object space 40960K, 54% used [0x00000000c0000000,0x00000000c15c8c78,0x00000000c2800000)
 PSPermGen       total 21504K, used 6005K [0x00000000b5a00000, 0x00000000b6f00000, 0x00000000c0000000)
  object space 21504K, 27% used [0x00000000b5a00000,0x00000000b5fdd710,0x00000000b6f00000)
Event: 6.613 GC heap after
Heap after GC invocations=8 (full 0):
 PSYoungGen      total 130048K, used 13794K [0x00000000eaa80000, 0x00000000f4480000, 0x0000000100000000)
  eden space 116224K, 0% used [0x00000000eaa80000,0x00000000eaa80000,0x00000000f1c00000)
  from space 13824K, 99% used [0x00000000f2e00000,0x00000000f3b78ac0,0x00000000f3b80000)
  to   space 18432K, 0% used [0x00000000f1c00000,0x00000000f1c00000,0x00000000f2e00000)
 ParOldGen       total 40960K, used 27954K [0x00000000c0000000, 0x00000000c2800000, 0x00000000eaa80000)
  object space 40960K, 68% used [0x00000000c0000000,0x00000000c1b4c960,0x00000000c2800000)
 PSPermGen       total 21504K, used 6005K [0x00000000b5a00000, 0x00000000b6f00000, 0x00000000c0000000)
  object space 21504K, 27% used [0x00000000b5a00000,0x00000000b5fdd710,0x00000000b6f00000)
}
Event: 7.409 GC heap before
{Heap before GC invocations=9 (full 0):
 PSYoungGen      total 130048K, used 130018K [0x00000000eaa80000, 0x00000000f4480000, 0x0000000100000000)
  eden space 116224K, 100% used [0x00000000eaa80000,0x00000000f1c00000,0x00000000f1c00000)
  from space 13824K, 99% used [0x00000000f2e00000,0x00000000f3b78ac0,0x00000000f3b80000)
  to   space 18432K, 0% used [0x00000000f1c00000,0x00000000f1c00000,0x00000000f2e00000)
 ParOldGen       total 40960K, used 27954K [0x00000000c0000000, 0x00000000c2800000, 0x00000000eaa80000)
  object space 40960K, 68% used [0x00000000c0000000,0x00000000c1b4c960,0x00000000c2800000)
 PSPermGen       total 21504K, used 6064K [0x00000000b5a00000, 0x00000000b6f00000, 0x00000000c0000000)
  object space 21504K, 28% used [0x00000000b5a00000,0x00000000b5fec280,0x00000000b6f00000)
Event: 7.471 GC heap after
Heap after GC invocations=9 (full 0):
 PSYoungGen      total 134656K, used 18418K [0x00000000eaa80000, 0x00000000f9480000, 0x0000000100000000)
  eden space 116224K, 0% used [0x00000000eaa80000,0x00000000eaa80000,0x00000000f1c00000)
  from space 18432K, 99% used [0x00000000f1c00000,0x00000000f2dfc898,0x00000000f2e00000)
  to   space 26624K, 0% used [0x00000000f7a80000,0x00000000f7a80000,0x00000000f9480000)
 ParOldGen       total 40960K, used 40699K [0x00000000c0000000, 0x00000000c2800000, 0x00000000eaa80000)
  object space 40960K, 99% used [0x00000000c0000000,0x00000000c27becb0,0x00000000c2800000)
 PSPermGen       total 21504K, used 6064K [0x00000000b5a00000, 0x00000000b6f00000, 0x00000000c0000000)
  object space 21504K, 28% used [0x00000000b5a00000,0x00000000b5fec280,0x00000000b6f00000)
}
Event: 7.471 GC heap before
{Heap before GC invocations=10 (full 1):
 PSYoungGen      total 134656K, used 18418K [0x00000000eaa80000, 0x00000000f9480000, 0x0000000100000000)
  eden space 116224K, 0% used [0x00000000eaa80000,0x00000000eaa80000,0x00000000f1c00000)
  from space 18432K, 99% used [0x00000000f1c00000,0x00000000f2dfc898,0x00000000f2e00000)
  to   space 26624K, 0% used [0x00000000f7a80000,0x00000000f7a80000,0x00000000f9480000)
 ParOldGen       total 40960K, used 40699K [0x00000000c0000000, 0x00000000c2800000, 0x00000000eaa80000)
  object space 40960K, 99% used [0x00000000c0000000,0x00000000c27becb0,0x00000000c2800000)
 PSPermGen       total 21504K, used 6064K [0x00000000b5a00000, 0x00000000b6f00000, 0x00000000c0000000)
  object space 21504K, 28% used [0x00000000b5a00000,0x00000000b5fec280,0x00000000b6f00000)
Event: 8.108 GC heap after
Heap after GC invocations=10 (full 1):
 PSYoungGen      total 134656K, used 15293K [0x00000000eaa80000, 0x00000000f9480000, 0x0000000100000000)
  eden space 116224K, 0% used [0x00000000eaa80000,0x00000000eaa80000,0x00000000f1c00000)
  from space 18432K, 82% used [0x00000000f1c00000,0x00000000f2aef568,0x00000000f2e00000)
  to   space 26624K, 0% used [0x00000000f7a80000,0x00000000f7a80000,0x00000000f9480000)
 ParOldGen       total 76800K, used 40545K [0x00000000c0000000, 0x00000000c4b00000, 0x00000000eaa80000)
  object space 76800K, 52% used [0x00000000c0000000,0x00000000c2798780,0x00000000c4b00000)
 PSPermGen       total 21504K, used 6060K [0x00000000b5a00000, 0x00000000b6f00000, 0x00000000c0000000)
  object space 21504K, 28% used [0x00000000b5a00000,0x00000000b5feb278,0x00000000b6f00000)
}
Event: 8.875 GC heap before
{Heap before GC invocations=11 (full 1):
 PSYoungGen      total 134656K, used 131517K [0x00000000eaa80000, 0x00000000f9480000, 0x0000000100000000)
  eden space 116224K, 100% used [0x00000000eaa80000,0x00000000f1c00000,0x00000000f1c00000)
  from space 18432K, 82% used [0x00000000f1c00000,0x00000000f2aef568,0x00000000f2e00000)
  to   space 26624K, 0% used [0x00000000f7a80000,0x00000000f7a80000,0x00000000f9480000)
 ParOldGen       total 76800K, used 40545K [0x00000000c0000000, 0x00000000c4b00000, 0x00000000eaa80000)
  object space 76800K, 52% used [0x00000000c0000000,0x00000000c2798780,0x00000000c4b00000)
 PSPermGen       total 21504K, used 6085K [0x00000000b5a00000, 0x00000000b6f00000, 0x00000000c0000000)
  object space 21504K, 28% used [0x00000000b5a00000,0x00000000b5ff1418,0x00000000b6f00000)
Event: 8.959 GC heap after
Heap after GC invocations=11 (full 1):
 PSYoungGen      total 172544K, used 26427K [0x00000000eaa80000, 0x00000000f9480000, 0x0000000100000000)
  eden space 145920K, 0% used [0x00000000eaa80000,0x00000000eaa80000,0x00000000f3900000)
  from space 26624K, 99% used [0x00000000f7a80000,0x00000000f944edc8,0x00000000f9480000)
  to   space 30720K, 0% used [0x00000000f5880000,0x00000000f5880000,0x00000000f7680000)
 ParOldGen       total 76800K, used 47754K [0x00000000c0000000, 0x00000000c4b00000, 0x00000000eaa80000)
  object space 76800K, 62% used [0x00000000c0000000,0x00000000c2ea2970,0x00000000c4b00000)
 PSPermGen       total 21504K, used 6085K [0x00000000b5a00000, 0x00000000b6f00000, 0x00000000c0000000)
  object space 21504K, 28% used [0x00000000b5a00000,0x00000000b5ff1418,0x00000000b6f00000)
}
Event: 10.196 GC heap before
{Heap before GC invocations=12 (full 1):
 PSYoungGen      total 172544K, used 172347K [0x00000000eaa80000, 0x00000000f9480000, 0x0000000100000000)
  eden space 145920K, 100% used [0x00000000eaa80000,0x00000000f3900000,0x00000000f3900000)
  from space 26624K, 99% used [0x00000000f7a80000,0x00000000f944edc8,0x00000000f9480000)
  to   space 30720K, 0% used [0x00000000f5880000,0x00000000f5880000,0x00000000f7680000)
 ParOldGen       total 76800K, used 47754K [0x00000000c0000000, 0x00000000c4b00000, 0x00000000eaa80000)
  object space 76800K, 62% used [0x00000000c0000000,0x00000000c2ea2970,0x00000000c4b00000)
 PSPermGen       total 21504K, used 6094K [0x00000000b5a00000, 0x00000000b6f00000, 0x00000000c0000000)
  object space 21504K, 28% used [0x00000000b5a00000,0x00000000b5ff3888,0x00000000b6f00000)

