# JRE version: OpenJDK Runtime Environment (7.0_95) (build 1.7.0_95-b00)
# Java VM: OpenJDK 64-Bit Server VM (24.95-b01 mixed mode linux-amd64 compressed oops)
Heap
 PSYoungGen      total 213504K, used 7228K [0x00000000eaa80000, 0x00000000fc680000, 0x0000000100000000)
  eden space 168960K, 0% used [0x00000000eaa80000,0x00000000eaa80000,0x00000000f4f80000)
  from space 44544K, 16% used [0x00000000f4f80000,0x00000000f568f3e8,0x00000000f7b00000)
  to   space 45568K, 0% used [0x00000000f9a00000,0x00000000f9a00000,0x00000000fc680000)
 ParOldGen       total 141312K, used 141142K [0x00000000c0000000, 0x00000000c8a00000, 0x00000000eaa80000)
  object space 141312K, 99% used [0x00000000c0000000,0x00000000c89d5850,0x00000000c8a00000)
 PSPermGen       total 21504K, used 6117K [0x00000000b5a00000, 0x00000000b6f00000, 0x00000000c0000000)
  object space 21504K, 28% used [0x00000000b5a00000,0x00000000b5ff9650,0x00000000b6f00000)
GC Heap History (10 events):
Event: 6.663 GC heap after
Heap after GC invocations=11 (full 1):
 PSYoungGen      total 167936K, used 26082K [0x00000000eaa80000, 0x00000000f9180000, 0x0000000100000000)
  eden space 141824K, 0% used [0x00000000eaa80000,0x00000000eaa80000,0x00000000f3500000)
  from space 26112K, 99% used [0x00000000f7800000,0x00000000f9178bd8,0x00000000f9180000)
  to   space 33280K, 0% used [0x00000000f5080000,0x00000000f5080000,0x00000000f7100000)
 ParOldGen       total 78336K, used 49614K [0x00000000c0000000, 0x00000000c4c80000, 0x00000000eaa80000)
  object space 78336K, 63% used [0x00000000c0000000,0x00000000c30739b8,0x00000000c4c80000)
 PSPermGen       total 21504K, used 6086K [0x00000000b5a00000, 0x00000000b6f00000, 0x00000000c0000000)
  object space 21504K, 28% used [0x00000000b5a00000,0x00000000b5ff1958,0x00000000b6f00000)
}
Event: 7.323 GC heap before
{Heap before GC invocations=12 (full 1):
 PSYoungGen      total 167936K, used 167906K [0x00000000eaa80000, 0x00000000f9180000, 0x0000000100000000)
  eden space 141824K, 100% used [0x00000000eaa80000,0x00000000f3500000,0x00000000f3500000)
  from space 26112K, 99% used [0x00000000f7800000,0x00000000f9178bd8,0x00000000f9180000)
  to   space 33280K, 0% used [0x00000000f5080000,0x00000000f5080000,0x00000000f7100000)
 ParOldGen       total 78336K, used 49614K [0x00000000c0000000, 0x00000000c4c80000, 0x00000000eaa80000)
  object space 78336K, 63% used [0x00000000c0000000,0x00000000c30739b8,0x00000000c4c80000)
 PSPermGen       total 21504K, used 6095K [0x00000000b5a00000, 0x00000000b6f00000, 0x00000000c0000000)
  object space 21504K, 28% used [0x00000000b5a00000,0x00000000b5ff3d20,0x00000000b6f00000)
Event: 7.382 GC heap after
Heap after GC invocations=12 (full 1):
 PSYoungGen      total 203264K, used 23280K [0x00000000eaa80000, 0x00000000f9d00000, 0x0000000100000000)
  eden space 169984K, 0% used [0x00000000eaa80000,0x00000000eaa80000,0x00000000f5080000)
  from space 33280K, 69% used [0x00000000f5080000,0x00000000f673c080,0x00000000f7100000)
  to   space 34816K, 0% used [0x00000000f7b00000,0x00000000f7b00000,0x00000000f9d00000)
 ParOldGen       total 78336K, used 75724K [0x00000000c0000000, 0x00000000c4c80000, 0x00000000eaa80000)
  object space 78336K, 96% used [0x00000000c0000000,0x00000000c49f3378,0x00000000c4c80000)
 PSPermGen       total 21504K, used 6095K [0x00000000b5a00000, 0x00000000b6f00000, 0x00000000c0000000)
  object space 21504K, 28% used [0x00000000b5a00000,0x00000000b5ff3d20,0x00000000b6f00000)
}
Event: 7.382 GC heap before
{Heap before GC invocations=13 (full 2):
 PSYoungGen      total 203264K, used 23280K [0x00000000eaa80000, 0x00000000f9d00000, 0x0000000100000000)
  eden space 169984K, 0% used [0x00000000eaa80000,0x00000000eaa80000,0x00000000f5080000)
  from space 33280K, 69% used [0x00000000f5080000,0x00000000f673c080,0x00000000f7100000)
  to   space 34816K, 0% used [0x00000000f7b00000,0x00000000f7b00000,0x00000000f9d00000)
 ParOldGen       total 78336K, used 75724K [0x00000000c0000000, 0x00000000c4c80000, 0x00000000eaa80000)
  object space 78336K, 96% used [0x00000000c0000000,0x00000000c49f3378,0x00000000c4c80000)
 PSPermGen       total 21504K, used 6095K [0x00000000b5a00000, 0x00000000b6f00000, 0x00000000c0000000)
  object space 21504K, 28% used [0x00000000b5a00000,0x00000000b5ff3d20,0x00000000b6f00000)
Event: 7.885 GC heap after
Heap after GC invocations=13 (full 2):
 PSYoungGen      total 203264K, used 18500K [0x00000000eaa80000, 0x00000000f9d00000, 0x0000000100000000)
  eden space 169984K, 0% used [0x00000000eaa80000,0x00000000eaa80000,0x00000000f5080000)
  from space 33280K, 55% used [0x00000000f5080000,0x00000000f6291210,0x00000000f7100000)
  to   space 34816K, 0% used [0x00000000f7b00000,0x00000000f7b00000,0x00000000f9d00000)
 ParOldGen       total 141312K, used 77978K [0x00000000c0000000, 0x00000000c8a00000, 0x00000000eaa80000)
  object space 141312K, 55% used [0x00000000c0000000,0x00000000c4c26858,0x00000000c8a00000)
 PSPermGen       total 21504K, used 6094K [0x00000000b5a00000, 0x00000000b6f00000, 0x00000000c0000000)
  object space 21504K, 28% used [0x00000000b5a00000,0x00000000b5ff3a60,0x00000000b6f00000)
}
Event: 8.845 GC heap before
{Heap before GC invocations=14 (full 2):
 PSYoungGen      total 203264K, used 188484K [0x00000000eaa80000, 0x00000000f9d00000, 0x0000000100000000)
  eden space 169984K, 100% used [0x00000000eaa80000,0x00000000f5080000,0x00000000f5080000)
  from space 33280K, 55% used [0x00000000f5080000,0x00000000f6291210,0x00000000f7100000)
  to   space 34816K, 0% used [0x00000000f7b00000,0x00000000f7b00000,0x00000000f9d00000)
 ParOldGen       total 141312K, used 77978K [0x00000000c0000000, 0x00000000c8a00000, 0x00000000eaa80000)
  object space 141312K, 55% used [0x00000000c0000000,0x00000000c4c26858,0x00000000c8a00000)
 PSPermGen       total 21504K, used 6110K [0x00000000b5a00000, 0x00000000b6f00000, 0x00000000c0000000)
  object space 21504K, 28% used [0x00000000b5a00000,0x00000000b5ff79b8,0x00000000b6f00000)
Event: 8.951 GC heap after
Heap after GC invocations=14 (full 2):
 PSYoungGen      total 203776K, used 34788K [0x00000000eaa80000, 0x00000000fc180000, 0x0000000100000000)
  eden space 168960K, 0% used [0x00000000eaa80000,0x00000000eaa80000,0x00000000f4f80000)
  from space 34816K, 99% used [0x00000000f7b00000,0x00000000f9cf90b0,0x00000000f9d00000)
  to   space 44544K, 0% used [0x00000000f4f80000,0x00000000f4f80000,0x00000000f7b00000)
 ParOldGen       total 141312K, used 89459K [0x00000000c0000000, 0x00000000c8a00000, 0x00000000eaa80000)
  object space 141312K, 63% used [0x00000000c0000000,0x00000000c575ce58,0x00000000c8a00000)
 PSPermGen       total 21504K, used 6110K [0x00000000b5a00000, 0x00000000b6f00000, 0x00000000c0000000)
  object space 21504K, 28% used [0x00000000b5a00000,0x00000000b5ff79b8,0x00000000b6f00000)
}
Event: 9.821 GC heap before
{Heap before GC invocations=15 (full 2):
 PSYoungGen      total 203776K, used 203748K [0x00000000eaa80000, 0x00000000fc180000, 0x0000000100000000)
  eden space 168960K, 100% used [0x00000000eaa80000,0x00000000f4f80000,0x00000000f4f80000)
  from space 34816K, 99% used [0x00000000f7b00000,0x00000000f9cf90b0,0x00000000f9d00000)
  to   space 44544K, 0% used [0x00000000f4f80000,0x00000000f4f80000,0x00000000f7b00000)
 ParOldGen       total 141312K, used 89459K [0x00000000c0000000, 0x00000000c8a00000, 0x00000000eaa80000)
  object space 141312K, 63% used [0x00000000c0000000,0x00000000c575ce58,0x00000000c8a00000)
 PSPermGen       total 21504K, used 6117K [0x00000000b5a00000, 0x00000000b6f00000, 0x00000000c0000000)
  object space 21504K, 28% used [0x00000000b5a00000,0x00000000b5ff9790,0x00000000b6f00000)
Event: 9.927 GC heap after
Heap after GC invocations=15 (full 2):
 PSYoungGen      total 213504K, used 26588K [0x00000000eaa80000, 0x00000000fc680000, 0x0000000100000000)
  eden space 168960K, 0% used [0x00000000eaa80000,0x00000000eaa80000,0x00000000f4f80000)
  from space 44544K, 59% used [0x00000000f4f80000,0x00000000f69773c8,0x00000000f7b00000)
  to   space 45568K, 0% used [0x00000000f9a00000,0x00000000f9a00000,0x00000000fc680000)
 ParOldGen       total 141312K, used 124280K [0x00000000c0000000, 0x00000000c8a00000, 0x00000000eaa80000)
  object space 141312K, 87% used [0x00000000c0000000,0x00000000c795e3d0,0x00000000c8a00000)
 PSPermGen       total 21504K, used 6117K [0x00000000b5a00000, 0x00000000b6f00000, 0x00000000c0000000)
  object space 21504K, 28% used [0x00000000b5a00000,0x00000000b5ff9790,0x00000000b6f00000)
}
Event: 9.927 GC heap before
{Heap before GC invocations=16 (full 3):
 PSYoungGen      total 213504K, used 26588K [0x00000000eaa80000, 0x00000000fc680000, 0x0000000100000000)
  eden space 168960K, 0% used [0x00000000eaa80000,0x00000000eaa80000,0x00000000f4f80000)
  from space 44544K, 59% used [0x00000000f4f80000,0x00000000f69773c8,0x00000000f7b00000)
  to   space 45568K, 0% used [0x00000000f9a00000,0x00000000f9a00000,0x00000000fc680000)
 ParOldGen       total 141312K, used 124280K [0x00000000c0000000, 0x00000000c8a00000, 0x00000000eaa80000)
  object space 141312K, 87% used [0x00000000c0000000,0x00000000c795e3d0,0x00000000c8a00000)
 PSPermGen       total 21504K, used 6117K [0x00000000b5a00000, 0x00000000b6f00000, 0x00000000c0000000)
  object space 21504K, 28% used [0x00000000b5a00000,0x00000000b5ff9790,0x00000000b6f00000)

