# JRE version: OpenJDK Runtime Environment (7.0_95) (build 1.7.0_95-b00)
# Java VM: OpenJDK 64-Bit Server VM (24.95-b01 mixed mode linux-amd64 compressed oops)
Heap
 PSYoungGen      total 251392K, used 29154K [0x00000000eaa80000, 0x0000000100000000, 0x0000000100000000)
  eden space 153088K, 0% used [0x00000000eaa80000,0x00000000eaa80000,0x00000000f4000000)
  from space 98304K, 29% used [0x00000000f4000000,0x00000000f5c78900,0x00000000fa000000)
  to   space 97280K, 0% used [0x00000000fa100000,0x00000000fa100000,0x0000000100000000)
 ParOldGen       total 342528K, used 342322K [0x00000000c0000000, 0x00000000d4e80000, 0x00000000eaa80000)
  object space 342528K, 99% used [0x00000000c0000000,0x00000000d4e4c950,0x00000000d4e80000)
 PSPermGen       total 21504K, used 6164K [0x00000000b5a00000, 0x00000000b6f00000, 0x00000000c0000000)
  object space 21504K, 28% used [0x00000000b5a00000,0x00000000b60051b0,0x00000000b6f00000)
GC Heap History (10 events):
Event: 19.430 GC heap after
Heap after GC invocations=21 (full 4):
 PSYoungGen      total 285696K, used 38430K [0x00000000eaa80000, 0x0000000100000000, 0x0000000100000000)
  eden space 224768K, 0% used [0x00000000eaa80000,0x00000000eaa80000,0x00000000f8600000)
  from space 60928K, 63% used [0x00000000f8600000,0x00000000fab87848,0x00000000fc180000)
  to   space 62464K, 0% used [0x00000000fc300000,0x00000000fc300000,0x0000000100000000)
 ParOldGen       total 342528K, used 218913K [0x00000000c0000000, 0x00000000d4e80000, 0x00000000eaa80000)
  object space 342528K, 63% used [0x00000000c0000000,0x00000000cd5c8650,0x00000000d4e80000)
 PSPermGen       total 21504K, used 6149K [0x00000000b5a00000, 0x00000000b6f00000, 0x00000000c0000000)
  object space 21504K, 28% used [0x00000000b5a00000,0x00000000b60016d8,0x00000000b6f00000)
}
Event: 20.168 GC heap before
{Heap before GC invocations=22 (full 4):
 PSYoungGen      total 285696K, used 263198K [0x00000000eaa80000, 0x0000000100000000, 0x0000000100000000)
  eden space 224768K, 100% used [0x00000000eaa80000,0x00000000f8600000,0x00000000f8600000)
  from space 60928K, 63% used [0x00000000f8600000,0x00000000fab87848,0x00000000fc180000)
  to   space 62464K, 0% used [0x00000000fc300000,0x00000000fc300000,0x0000000100000000)
 ParOldGen       total 342528K, used 218913K [0x00000000c0000000, 0x00000000d4e80000, 0x00000000eaa80000)
  object space 342528K, 63% used [0x00000000c0000000,0x00000000cd5c8650,0x00000000d4e80000)
 PSPermGen       total 21504K, used 6156K [0x00000000b5a00000, 0x00000000b6f00000, 0x00000000c0000000)
  object space 21504K, 28% used [0x00000000b5a00000,0x00000000b6003208,0x00000000b6f00000)
Event: 20.301 GC heap after
Heap after GC invocations=22 (full 4):
 PSYoungGen      total 261632K, used 62436K [0x00000000eaa80000, 0x0000000100000000, 0x0000000100000000)
  eden space 199168K, 0% used [0x00000000eaa80000,0x00000000eaa80000,0x00000000f6d00000)
  from space 62464K, 99% used [0x00000000fc300000,0x00000000ffff9110,0x0000000100000000)
  to   space 75264K, 0% used [0x00000000f6d00000,0x00000000f6d00000,0x00000000fb680000)
 ParOldGen       total 342528K, used 226758K [0x00000000c0000000, 0x00000000d4e80000, 0x00000000eaa80000)
  object space 342528K, 66% used [0x00000000c0000000,0x00000000cdd71bd0,0x00000000d4e80000)
 PSPermGen       total 21504K, used 6156K [0x00000000b5a00000, 0x00000000b6f00000, 0x00000000c0000000)
  object space 21504K, 28% used [0x00000000b5a00000,0x00000000b6003208,0x00000000b6f00000)
}
Event: 21.109 GC heap before
{Heap before GC invocations=23 (full 4):
 PSYoungGen      total 261632K, used 261604K [0x00000000eaa80000, 0x0000000100000000, 0x0000000100000000)
  eden space 199168K, 100% used [0x00000000eaa80000,0x00000000f6d00000,0x00000000f6d00000)
  from space 62464K, 99% used [0x00000000fc300000,0x00000000ffff9110,0x0000000100000000)
  to   space 75264K, 0% used [0x00000000f6d00000,0x00000000f6d00000,0x00000000fb680000)
 ParOldGen       total 342528K, used 226758K [0x00000000c0000000, 0x00000000d4e80000, 0x00000000eaa80000)
  object space 342528K, 66% used [0x00000000c0000000,0x00000000cdd71bd0,0x00000000d4e80000)
 PSPermGen       total 21504K, used 6159K [0x00000000b5a00000, 0x00000000b6f00000, 0x00000000c0000000)
  object space 21504K, 28% used [0x00000000b5a00000,0x00000000b6003c68,0x00000000b6f00000)
Event: 21.254 GC heap after
Heap after GC invocations=23 (full 4):
 PSYoungGen      total 259584K, used 59938K [0x00000000eaa80000, 0x0000000100000000, 0x0000000100000000)
  eden space 199168K, 0% used [0x00000000eaa80000,0x00000000eaa80000,0x00000000f6d00000)
  from space 60416K, 99% used [0x00000000f6d00000,0x00000000fa788af8,0x00000000fa800000)
  to   space 81408K, 0% used [0x00000000fb080000,0x00000000fb080000,0x0000000100000000)
 ParOldGen       total 342528K, used 260321K [0x00000000c0000000, 0x00000000d4e80000, 0x00000000eaa80000)
  object space 342528K, 76% used [0x00000000c0000000,0x00000000cfe38520,0x00000000d4e80000)
 PSPermGen       total 21504K, used 6159K [0x00000000b5a00000, 0x00000000b6f00000, 0x00000000c0000000)
  object space 21504K, 28% used [0x00000000b5a00000,0x00000000b6003c68,0x00000000b6f00000)
}
Event: 21.871 GC heap before
{Heap before GC invocations=24 (full 4):
 PSYoungGen      total 259584K, used 259106K [0x00000000eaa80000, 0x0000000100000000, 0x0000000100000000)
  eden space 199168K, 100% used [0x00000000eaa80000,0x00000000f6d00000,0x00000000f6d00000)
  from space 60416K, 99% used [0x00000000f6d00000,0x00000000fa788af8,0x00000000fa800000)
  to   space 81408K, 0% used [0x00000000fb080000,0x00000000fb080000,0x0000000100000000)
 ParOldGen       total 342528K, used 260321K [0x00000000c0000000, 0x00000000d4e80000, 0x00000000eaa80000)
  object space 342528K, 76% used [0x00000000c0000000,0x00000000cfe38520,0x00000000d4e80000)
 PSPermGen       total 21504K, used 6161K [0x00000000b5a00000, 0x00000000b6f00000, 0x00000000c0000000)
  object space 21504K, 28% used [0x00000000b5a00000,0x00000000b60044a0,0x00000000b6f00000)
Event: 21.989 GC heap after
Heap after GC invocations=24 (full 4):
 PSYoungGen      total 234496K, used 81395K [0x00000000eaa80000, 0x0000000100000000, 0x0000000100000000)
  eden space 153088K, 0% used [0x00000000eaa80000,0x00000000eaa80000,0x00000000f4000000)
  from space 81408K, 99% used [0x00000000fb080000,0x00000000ffffcd18,0x0000000100000000)
  to   space 98304K, 0% used [0x00000000f4000000,0x00000000f4000000,0x00000000fa000000)
 ParOldGen       total 342528K, used 270807K [0x00000000c0000000, 0x00000000d4e80000, 0x00000000eaa80000)
  object space 342528K, 79% used [0x00000000c0000000,0x00000000d0875f98,0x00000000d4e80000)
 PSPermGen       total 21504K, used 6161K [0x00000000b5a00000, 0x00000000b6f00000, 0x00000000c0000000)
  object space 21504K, 28% used [0x00000000b5a00000,0x00000000b60044a0,0x00000000b6f00000)
}
Event: 22.455 GC heap before
{Heap before GC invocations=25 (full 4):
 PSYoungGen      total 234496K, used 234483K [0x00000000eaa80000, 0x0000000100000000, 0x0000000100000000)
  eden space 153088K, 100% used [0x00000000eaa80000,0x00000000f4000000,0x00000000f4000000)
  from space 81408K, 99% used [0x00000000fb080000,0x00000000ffffcd18,0x0000000100000000)
  to   space 98304K, 0% used [0x00000000f4000000,0x00000000f4000000,0x00000000fa000000)
 ParOldGen       total 342528K, used 270807K [0x00000000c0000000, 0x00000000d4e80000, 0x00000000eaa80000)
  object space 342528K, 79% used [0x00000000c0000000,0x00000000d0875f98,0x00000000d4e80000)
 PSPermGen       total 21504K, used 6164K [0x00000000b5a00000, 0x00000000b6f00000, 0x00000000c0000000)
  object space 21504K, 28% used [0x00000000b5a00000,0x00000000b6005230,0x00000000b6f00000)
Event: 22.650 GC heap after
Heap after GC invocations=25 (full 4):
 PSYoungGen      total 251392K, used 52898K [0x00000000eaa80000, 0x0000000100000000, 0x0000000100000000)
  eden space 153088K, 0% used [0x00000000eaa80000,0x00000000eaa80000,0x00000000f4000000)
  from space 98304K, 53% used [0x00000000f4000000,0x00000000f73a8af0,0x00000000fa000000)
  to   space 97280K, 0% used [0x00000000fa100000,0x00000000fa100000,0x0000000100000000)
 ParOldGen       total 342528K, used 324640K [0x00000000c0000000, 0x00000000d4e80000, 0x00000000eaa80000)
  object space 342528K, 94% used [0x00000000c0000000,0x00000000d3d080b0,0x00000000d4e80000)
 PSPermGen       total 21504K, used 6164K [0x00000000b5a00000, 0x00000000b6f00000, 0x00000000c0000000)
  object space 21504K, 28% used [0x00000000b5a00000,0x00000000b6005230,0x00000000b6f00000)
}
Event: 22.650 GC heap before
{Heap before GC invocations=26 (full 5):
 PSYoungGen      total 251392K, used 52898K [0x00000000eaa80000, 0x0000000100000000, 0x0000000100000000)
  eden space 153088K, 0% used [0x00000000eaa80000,0x00000000eaa80000,0x00000000f4000000)
  from space 98304K, 53% used [0x00000000f4000000,0x00000000f73a8af0,0x00000000fa000000)
  to   space 97280K, 0% used [0x00000000fa100000,0x00000000fa100000,0x0000000100000000)
 ParOldGen       total 342528K, used 324640K [0x00000000c0000000, 0x00000000d4e80000, 0x00000000eaa80000)
  object space 342528K, 94% used [0x00000000c0000000,0x00000000d3d080b0,0x00000000d4e80000)
 PSPermGen       total 21504K, used 6164K [0x00000000b5a00000, 0x00000000b6f00000, 0x00000000c0000000)
  object space 21504K, 28% used [0x00000000b5a00000,0x00000000b6005230,0x00000000b6f00000)

