# JRE version: OpenJDK Runtime Environment (7.0_95) (build 1.7.0_95-b00)
# Java VM: OpenJDK 64-Bit Server VM (24.95-b01 mixed mode linux-amd64 compressed oops)
Heap
 PSYoungGen      total 157696K, used 24589K [0x00000000eaa80000, 0x00000000ff900000, 0x0000000100000000)
  eden space 117248K, 0% used [0x00000000eaa80000,0x00000000eaa80000,0x00000000f1d00000)
  from space 40448K, 60% used [0x00000000f1d00000,0x00000000f35035e8,0x00000000f4480000)
  to   space 112640K, 0% used [0x00000000f8b00000,0x00000000f8b00000,0x00000000ff900000)
 ParOldGen       total 347136K, used 346996K [0x00000000c0000000, 0x00000000d5300000, 0x00000000eaa80000)
  object space 347136K, 99% used [0x00000000c0000000,0x00000000d52dd170,0x00000000d5300000)
 PSPermGen       total 21504K, used 6164K [0x00000000b5a00000, 0x00000000b6f00000, 0x00000000c0000000)
  object space 21504K, 28% used [0x00000000b5a00000,0x00000000b60050e8,0x00000000b6f00000)
GC Heap History (10 events):
Event: 16.683 GC heap after
Heap after GC invocations=23 (full 4):
 PSYoungGen      total 210432K, used 65720K [0x00000000eaa80000, 0x0000000100000000, 0x0000000100000000)
  eden space 139776K, 0% used [0x00000000eaa80000,0x00000000eaa80000,0x00000000f3300000)
  from space 70656K, 93% used [0x00000000f3300000,0x00000000f732e060,0x00000000f7800000)
  to   space 109056K, 0% used [0x00000000f9580000,0x00000000f9580000,0x0000000100000000)
 ParOldGen       total 347136K, used 226292K [0x00000000c0000000, 0x00000000d5300000, 0x00000000eaa80000)
  object space 347136K, 65% used [0x00000000c0000000,0x00000000cdcfd078,0x00000000d5300000)
 PSPermGen       total 21504K, used 6157K [0x00000000b5a00000, 0x00000000b6f00000, 0x00000000c0000000)
  object space 21504K, 28% used [0x00000000b5a00000,0x00000000b6003510,0x00000000b6f00000)
}
Event: 17.112 GC heap before
{Heap before GC invocations=24 (full 4):
 PSYoungGen      total 210432K, used 205496K [0x00000000eaa80000, 0x0000000100000000, 0x0000000100000000)
  eden space 139776K, 100% used [0x00000000eaa80000,0x00000000f3300000,0x00000000f3300000)
  from space 70656K, 93% used [0x00000000f3300000,0x00000000f732e060,0x00000000f7800000)
  to   space 109056K, 0% used [0x00000000f9580000,0x00000000f9580000,0x0000000100000000)
 ParOldGen       total 347136K, used 226292K [0x00000000c0000000, 0x00000000d5300000, 0x00000000eaa80000)
  object space 347136K, 65% used [0x00000000c0000000,0x00000000cdcfd078,0x00000000d5300000)
 PSPermGen       total 21504K, used 6158K [0x00000000b5a00000, 0x00000000b6f00000, 0x00000000c0000000)
  object space 21504K, 28% used [0x00000000b5a00000,0x00000000b6003ae0,0x00000000b6f00000)
Event: 17.283 GC heap after
Heap after GC invocations=24 (full 4):
 PSYoungGen      total 236544K, used 66701K [0x00000000eaa80000, 0x0000000100000000, 0x0000000100000000)
  eden space 127488K, 0% used [0x00000000eaa80000,0x00000000eaa80000,0x00000000f2700000)
  from space 109056K, 61% used [0x00000000f9580000,0x00000000fd6a34c0,0x0000000100000000)
  to   space 111104K, 0% used [0x00000000f2700000,0x00000000f2700000,0x00000000f9380000)
 ParOldGen       total 347136K, used 247611K [0x00000000c0000000, 0x00000000d5300000, 0x00000000eaa80000)
  object space 347136K, 71% used [0x00000000c0000000,0x00000000cf1cee38,0x00000000d5300000)
 PSPermGen       total 21504K, used 6158K [0x00000000b5a00000, 0x00000000b6f00000, 0x00000000c0000000)
  object space 21504K, 28% used [0x00000000b5a00000,0x00000000b6003ae0,0x00000000b6f00000)
}
Event: 17.606 GC heap before
{Heap before GC invocations=25 (full 4):
 PSYoungGen      total 236544K, used 194189K [0x00000000eaa80000, 0x0000000100000000, 0x0000000100000000)
  eden space 127488K, 100% used [0x00000000eaa80000,0x00000000f2700000,0x00000000f2700000)
  from space 109056K, 61% used [0x00000000f9580000,0x00000000fd6a34c0,0x0000000100000000)
  to   space 111104K, 0% used [0x00000000f2700000,0x00000000f2700000,0x00000000f9380000)
 ParOldGen       total 347136K, used 247611K [0x00000000c0000000, 0x00000000d5300000, 0x00000000eaa80000)
  object space 347136K, 71% used [0x00000000c0000000,0x00000000cf1cee38,0x00000000d5300000)
 PSPermGen       total 21504K, used 6160K [0x00000000b5a00000, 0x00000000b6f00000, 0x00000000c0000000)
  object space 21504K, 28% used [0x00000000b5a00000,0x00000000b60042c0,0x00000000b6f00000)
Event: 17.693 GC heap after
Heap after GC invocations=25 (full 4):
 PSYoungGen      total 213504K, used 85862K [0x00000000eaa80000, 0x0000000100000000, 0x0000000100000000)
  eden space 127488K, 0% used [0x00000000eaa80000,0x00000000eaa80000,0x00000000f2700000)
  from space 86016K, 99% used [0x00000000f2700000,0x00000000f7ad9820,0x00000000f7b00000)
  to   space 116224K, 0% used [0x00000000f8e80000,0x00000000f8e80000,0x0000000100000000)
 ParOldGen       total 347136K, used 247611K [0x00000000c0000000, 0x00000000d5300000, 0x00000000eaa80000)
  object space 347136K, 71% used [0x00000000c0000000,0x00000000cf1cee38,0x00000000d5300000)
 PSPermGen       total 21504K, used 6160K [0x00000000b5a00000, 0x00000000b6f00000, 0x00000000c0000000)
  object space 21504K, 28% used [0x00000000b5a00000,0x00000000b60042c0,0x00000000b6f00000)
}
Event: 18.002 GC heap before
{Heap before GC invocations=26 (full 4):
 PSYoungGen      total 213504K, used 213350K [0x00000000eaa80000, 0x0000000100000000, 0x0000000100000000)
  eden space 127488K, 100% used [0x00000000eaa80000,0x00000000f2700000,0x00000000f2700000)
  from space 86016K, 99% used [0x00000000f2700000,0x00000000f7ad9820,0x00000000f7b00000)
  to   space 116224K, 0% used [0x00000000f8e80000,0x00000000f8e80000,0x0000000100000000)
 ParOldGen       total 347136K, used 247611K [0x00000000c0000000, 0x00000000d5300000, 0x00000000eaa80000)
  object space 347136K, 71% used [0x00000000c0000000,0x00000000cf1cee38,0x00000000d5300000)
 PSPermGen       total 21504K, used 6161K [0x00000000b5a00000, 0x00000000b6f00000, 0x00000000c0000000)
  object space 21504K, 28% used [0x00000000b5a00000,0x00000000b60047c0,0x00000000b6f00000)
Event: 18.143 GC heap after
Heap after GC invocations=26 (full 4):
 PSYoungGen      total 233472K, used 63108K [0x00000000eaa80000, 0x0000000100000000, 0x0000000100000000)
  eden space 117248K, 0% used [0x00000000eaa80000,0x00000000eaa80000,0x00000000f1d00000)
  from space 116224K, 54% used [0x00000000f8e80000,0x00000000fcc21378,0x0000000100000000)
  to   space 116224K, 0% used [0x00000000f1d00000,0x00000000f1d00000,0x00000000f8e80000)
 ParOldGen       total 347136K, used 292190K [0x00000000c0000000, 0x00000000d5300000, 0x00000000eaa80000)
  object space 347136K, 84% used [0x00000000c0000000,0x00000000d1d57a78,0x00000000d5300000)
 PSPermGen       total 21504K, used 6161K [0x00000000b5a00000, 0x00000000b6f00000, 0x00000000c0000000)
  object space 21504K, 28% used [0x00000000b5a00000,0x00000000b60047c0,0x00000000b6f00000)
}
Event: 18.456 GC heap before
{Heap before GC invocations=27 (full 4):
 PSYoungGen      total 233472K, used 180356K [0x00000000eaa80000, 0x0000000100000000, 0x0000000100000000)
  eden space 117248K, 100% used [0x00000000eaa80000,0x00000000f1d00000,0x00000000f1d00000)
  from space 116224K, 54% used [0x00000000f8e80000,0x00000000fcc21378,0x0000000100000000)
  to   space 116224K, 0% used [0x00000000f1d00000,0x00000000f1d00000,0x00000000f8e80000)
 ParOldGen       total 347136K, used 292190K [0x00000000c0000000, 0x00000000d5300000, 0x00000000eaa80000)
  object space 347136K, 84% used [0x00000000c0000000,0x00000000d1d57a78,0x00000000d5300000)
 PSPermGen       total 21504K, used 6164K [0x00000000b5a00000, 0x00000000b6f00000, 0x00000000c0000000)
  object space 21504K, 28% used [0x00000000b5a00000,0x00000000b6005128,0x00000000b6f00000)
Event: 18.585 GC heap after
Heap after GC invocations=27 (full 4):
 PSYoungGen      total 157696K, used 40131K [0x00000000eaa80000, 0x00000000ff900000, 0x0000000100000000)
  eden space 117248K, 0% used [0x00000000eaa80000,0x00000000eaa80000,0x00000000f1d00000)
  from space 40448K, 99% used [0x00000000f1d00000,0x00000000f4430e48,0x00000000f4480000)
  to   space 112640K, 0% used [0x00000000f8b00000,0x00000000f8b00000,0x00000000ff900000)
 ParOldGen       total 347136K, used 333100K [0x00000000c0000000, 0x00000000d5300000, 0x00000000eaa80000)
  object space 347136K, 95% used [0x00000000c0000000,0x00000000d454b0d0,0x00000000d5300000)
 PSPermGen       total 21504K, used 6164K [0x00000000b5a00000, 0x00000000b6f00000, 0x00000000c0000000)
  object space 21504K, 28% used [0x00000000b5a00000,0x00000000b6005128,0x00000000b6f00000)
}
Event: 18.585 GC heap before
{Heap before GC invocations=28 (full 5):
 PSYoungGen      total 157696K, used 40131K [0x00000000eaa80000, 0x00000000ff900000, 0x0000000100000000)
  eden space 117248K, 0% used [0x00000000eaa80000,0x00000000eaa80000,0x00000000f1d00000)
  from space 40448K, 99% used [0x00000000f1d00000,0x00000000f4430e48,0x00000000f4480000)
  to   space 112640K, 0% used [0x00000000f8b00000,0x00000000f8b00000,0x00000000ff900000)
 ParOldGen       total 347136K, used 333100K [0x00000000c0000000, 0x00000000d5300000, 0x00000000eaa80000)
  object space 347136K, 95% used [0x00000000c0000000,0x00000000d454b0d0,0x00000000d5300000)
 PSPermGen       total 21504K, used 6164K [0x00000000b5a00000, 0x00000000b6f00000, 0x00000000c0000000)
  object space 21504K, 28% used [0x00000000b5a00000,0x00000000b6005128,0x00000000b6f00000)

